Using pre-set license
Built from '2021.3/staging' branch; Version is '2021.3.0f1 (6eacc8284459) revision 7253192'; Using compiler version '192829333'; Build Type 'Release'
OS: 'Windows 11  (10.0.22000) 64bit Core' Language: 'pt' Physical Memory: 32693 MB
BatchMode: 1, IsHumanControllingUs: 0, StartBugReporterOnCrash: 0, Is64bit: 1, IsPro: 1

COMMAND LINE ARGUMENTS:
C:\Program Files\Unity\Hub\Editor\2021.3.0f1\Editor\Unity.exe
-adb2
-batchMode
-noUpm
-name
AssetImportWorker0
-projectPath
D:/faculdade/2021_22/aav/github/projeto/projeto2022
-logFile
Logs/AssetImportWorker0.log
-srvPort
50927
Successfully changed project path to: D:/faculdade/2021_22/aav/github/projeto/projeto2022
D:/faculdade/2021_22/aav/github/projeto/projeto2022
[UnityMemory] Configuration Parameters - Can be set up in boot.config
    "memorysetup-bucket-allocator-granularity=16"
    "memorysetup-bucket-allocator-bucket-count=8"
    "memorysetup-bucket-allocator-block-size=33554432"
    "memorysetup-bucket-allocator-block-count=8"
    "memorysetup-main-allocator-block-size=16777216"
    "memorysetup-thread-allocator-block-size=16777216"
    "memorysetup-gfx-main-allocator-block-size=16777216"
    "memorysetup-gfx-thread-allocator-block-size=16777216"
    "memorysetup-cache-allocator-block-size=4194304"
    "memorysetup-typetree-allocator-block-size=2097152"
    "memorysetup-profiler-bucket-allocator-granularity=16"
    "memorysetup-profiler-bucket-allocator-bucket-count=8"
    "memorysetup-profiler-bucket-allocator-block-size=33554432"
    "memorysetup-profiler-bucket-allocator-block-count=8"
    "memorysetup-profiler-allocator-block-size=16777216"
    "memorysetup-profiler-editor-allocator-block-size=1048576"
    "memorysetup-temp-allocator-size-main=16777216"
    "memorysetup-job-temp-allocator-block-size=2097152"
    "memorysetup-job-temp-allocator-block-size-background=1048576"
    "memorysetup-job-temp-allocator-reduction-small-platforms=262144"
    "memorysetup-temp-allocator-size-background-worker=32768"
    "memorysetup-temp-allocator-size-job-worker=262144"
    "memorysetup-temp-allocator-size-preload-manager=33554432"
    "memorysetup-temp-allocator-size-nav-mesh-worker=65536"
    "memorysetup-temp-allocator-size-audio-worker=65536"
    "memorysetup-temp-allocator-size-cloud-worker=32768"
    "memorysetup-temp-allocator-size-gi-baking-worker=262144"
    "memorysetup-temp-allocator-size-gfx=262144"
Refreshing native plugins compatible for Editor in 60.91 ms, found 3 plugins.
Preloading 0 native plugins for Editor in 0.00 ms.
Initialize engine version: 2021.3.0f1 (6eacc8284459)
[Subsystems] Discovering subsystems at path C:/Program Files/Unity/Hub/Editor/2021.3.0f1/Editor/Data/Resources/UnitySubsystems
[Subsystems] Discovering subsystems at path D:/faculdade/2021_22/aav/github/projeto/projeto2022/Assets
GfxDevice: creating device client; threaded=0; jobified=0
Direct3D:
    Version:  Direct3D 11.0 [level 11.1]
    Renderer: NVIDIA GeForce RTX 3080 (ID=0x2206)
    Vendor:   NVIDIA
    VRAM:     10078 MB
    Driver:   27.21.14.6089
Initialize mono
Mono path[0] = 'C:/Program Files/Unity/Hub/Editor/2021.3.0f1/Editor/Data/Managed'
Mono path[1] = 'C:/Program Files/Unity/Hub/Editor/2021.3.0f1/Editor/Data/MonoBleedingEdge/lib/mono/unityjit-win32'
Mono config path = 'C:/Program Files/Unity/Hub/Editor/2021.3.0f1/Editor/Data/MonoBleedingEdge/etc'
Using monoOptions --debugger-agent=transport=dt_socket,embedding=1,server=y,suspend=n,address=127.0.0.1:56264
Begin MonoManager ReloadAssembly
Registering precompiled unity dll's ...
Register platform support module: C:/Program Files/Unity/Hub/Editor/2021.3.0f1/Editor/Data/PlaybackEngines/WindowsStandaloneSupport/UnityEditor.WindowsStandalone.Extensions.dll
Registered in 0.003025 seconds.
Native extension for WindowsStandalone target not found
Refreshing native plugins compatible for Editor in 60.35 ms, found 3 plugins.
Preloading 0 native plugins for Editor in 0.00 ms.
Mono: successfully reloaded assembly
- Completed reload, in  0.432 seconds
Domain Reload Profiling:
	ReloadAssembly (432ms)
		BeginReloadAssembly (53ms)
			ExecutionOrderSort (0ms)
			DisableScriptedObjects (0ms)
			BackupInstance (0ms)
			ReleaseScriptingObjects (0ms)
			CreateAndSetChildDomain (1ms)
		EndReloadAssembly (306ms)
			LoadAssemblies (51ms)
			RebuildTransferFunctionScriptingTraits (0ms)
			SetupTypeCache (62ms)
			ReleaseScriptCaches (0ms)
			RebuildScriptCaches (18ms)
			SetupLoadedEditorAssemblies (194ms)
				LogAssemblyErrors (0ms)
				InitializePlatformSupportModulesInManaged (5ms)
				SetLoadedEditorAssemblies (0ms)
				RefreshPlugins (60ms)
				BeforeProcessingInitializeOnLoad (1ms)
				ProcessInitializeOnLoadAttributes (97ms)
				ProcessInitializeOnLoadMethodAttributes (30ms)
				AfterProcessingInitializeOnLoad (0ms)
				EditorAssembliesLoaded (0ms)
			ExecutionOrderSort2 (0ms)
			AwakeInstancesAfterBackupRestoration (0ms)
Platform modules already initialized, skipping
Registering precompiled user dll's ...
Registered in 0.002227 seconds.
Begin MonoManager ReloadAssembly
Symbol file LoadedFromMemory doesn't match image D:\faculdade\2021_22\aav\github\projeto\projeto2022\Library\PackageCache\com.unity.visualscripting@1.7.6\Editor\VisualScripting.Core\Dependencies\YamlDotNet\Unity.VisualScripting.YamlDotNet.dll
Symbol file LoadedFromMemory is not a mono symbol file
Symbol file LoadedFromMemory doesn't match image D:\faculdade\2021_22\aav\github\projeto\projeto2022\Library\PackageCache\com.unity.visualscripting@1.7.6\Editor\VisualScripting.Core\Dependencies\DotNetZip\Unity.VisualScripting.IonicZip.dll
Native extension for WindowsStandalone target not found
Refreshing native plugins compatible for Editor in 0.53 ms, found 3 plugins.
Preloading 0 native plugins for Editor in 0.00 ms.
Mono: successfully reloaded assembly
- Completed reload, in  0.649 seconds
Domain Reload Profiling:
	ReloadAssembly (649ms)
		BeginReloadAssembly (78ms)
			ExecutionOrderSort (0ms)
			DisableScriptedObjects (4ms)
			BackupInstance (0ms)
			ReleaseScriptingObjects (0ms)
			CreateAndSetChildDomain (16ms)
		EndReloadAssembly (498ms)
			LoadAssemblies (63ms)
			RebuildTransferFunctionScriptingTraits (0ms)
			SetupTypeCache (148ms)
			ReleaseScriptCaches (0ms)
			RebuildScriptCaches (31ms)
			SetupLoadedEditorAssemblies (232ms)
				LogAssemblyErrors (0ms)
				InitializePlatformSupportModulesInManaged (4ms)
				SetLoadedEditorAssemblies (0ms)
				RefreshPlugins (1ms)
				BeforeProcessingInitializeOnLoad (56ms)
				ProcessInitializeOnLoadAttributes (152ms)
				ProcessInitializeOnLoadMethodAttributes (15ms)
				AfterProcessingInitializeOnLoad (4ms)
				EditorAssembliesLoaded (0ms)
			ExecutionOrderSort2 (0ms)
			AwakeInstancesAfterBackupRestoration (4ms)
Platform modules already initialized, skipping
========================================================================
Worker process is ready to serve import requests
Launched and connected shader compiler UnityShaderCompiler.exe after 0.03 seconds
Refreshing native plugins compatible for Editor in 0.64 ms, found 3 plugins.
Preloading 0 native plugins for Editor in 0.00 ms.
Unloading 3226 Unused Serialized files (Serialized files now loaded: 0)
Unloading 23 unused Assets / (113.0 KB). Loaded Objects now: 3707.
Memory consumption went from 125.9 MB to 125.8 MB.
Total: 2.442900 ms (FindLiveObjects: 0.208100 ms CreateObjectMapping: 0.077400 ms MarkObjects: 2.063500 ms  DeleteObjects: 0.093600 ms)

AssetImportParameters requested are different than current active one (requested -> active):
  custom:video-decoder-ogg-theora: a1e56fd34408186e4bbccfd4996cb3dc -> 
  custom:container-muxer-webm: aa71ff27fc2769a1b78a27578f13a17b -> 
  custom:container-demuxer-webm: 4f35f7cbe854078d1ac9338744f61a02 -> 
  custom:video-encoder-webm-vp8: eb34c28f22e8b96e1ab97ce403110664 -> 
  custom:audio-encoder-webm-vorbis: bf7c407c2cedff20999df2af8eb42d56 -> 
  custom:framework-win-MediaFoundation: 216162199b28c13a410421893ffa2e32 -> 
  custom:container-demuxer-ogg: 62fdf1f143b41e24485cea50d1cbac27 -> 
  custom:video-decoder-webm-vp8: 9c59270c3fd7afecdb556c50c9e8de78 -> 
  custom:audio-decoder-ogg-vorbis: bf7c407c2cedff20999df2af8eb42d56 -> 
========================================================================
Received Import Request.
  Time since last request: 41770.878234 seconds.
  path: Assets/characters/enemies/RPG Monster Wave PBR
  artifactKey: Guid(f1d15e5033b6ef441b348ce9aa9d987a) Importer(815301076,1909f56bfc062723c751e8b465ee728b)
Start importing Assets/characters/enemies/RPG Monster Wave PBR using Guid(f1d15e5033b6ef441b348ce9aa9d987a) Importer(815301076,1909f56bfc062723c751e8b465ee728b)  -> (artifact id: '8f5c01d939f76fa697fc6fea63654f9f') in 0.005144 seconds 
========================================================================
Received Import Request.
  Time since last request: 59.404650 seconds.
  path: Assets/characters/enemies/RPG Monster Wave PBR/Scenes/PBRDefault.unity
  artifactKey: Guid(82d5de9bf0818c040bc50b0c6e1b7075) Importer(815301076,1909f56bfc062723c751e8b465ee728b)
Start importing Assets/characters/enemies/RPG Monster Wave PBR/Scenes/PBRDefault.unity using Guid(82d5de9bf0818c040bc50b0c6e1b7075) Importer(815301076,1909f56bfc062723c751e8b465ee728b)  -> (artifact id: '6dcc9aa4ff435da726b7cb4800afc610') in 0.000973 seconds 
========================================================================
Received Prepare
Registering precompiled user dll's ...
Registered in 0.002089 seconds.
Begin MonoManager ReloadAssembly
Symbol file LoadedFromMemory doesn't match image D:\faculdade\2021_22\aav\github\projeto\projeto2022\Library\PackageCache\com.unity.visualscripting@1.7.6\Editor\VisualScripting.Core\Dependencies\YamlDotNet\Unity.VisualScripting.YamlDotNet.dll
Symbol file LoadedFromMemory is not a mono symbol file
Symbol file LoadedFromMemory doesn't match image D:\faculdade\2021_22\aav\github\projeto\projeto2022\Library\PackageCache\com.unity.visualscripting@1.7.6\Editor\VisualScripting.Core\Dependencies\DotNetZip\Unity.VisualScripting.IonicZip.dll
Native extension for WindowsStandalone target not found
Refreshing native plugins compatible for Editor in 0.62 ms, found 3 plugins.
Preloading 0 native plugins for Editor in 0.00 ms.
Mono: successfully reloaded assembly
- Completed reload, in  0.684 seconds
Domain Reload Profiling:
	ReloadAssembly (685ms)
		BeginReloadAssembly (95ms)
			ExecutionOrderSort (0ms)
			DisableScriptedObjects (4ms)
			BackupInstance (0ms)
			ReleaseScriptingObjects (0ms)
			CreateAndSetChildDomain (26ms)
		EndReloadAssembly (528ms)
			LoadAssemblies (59ms)
			RebuildTransferFunctionScriptingTraits (0ms)
			SetupTypeCache (166ms)
			ReleaseScriptCaches (1ms)
			RebuildScriptCaches (28ms)
			SetupLoadedEditorAssemblies (237ms)
				LogAssemblyErrors (0ms)
				InitializePlatformSupportModulesInManaged (9ms)
				SetLoadedEditorAssemblies (0ms)
				RefreshPlugins (1ms)
				BeforeProcessingInitializeOnLoad (47ms)
				ProcessInitializeOnLoadAttributes (156ms)
				ProcessInitializeOnLoadMethodAttributes (18ms)
				AfterProcessingInitializeOnLoad (5ms)
				EditorAssembliesLoaded (0ms)
			ExecutionOrderSort2 (0ms)
			AwakeInstancesAfterBackupRestoration (6ms)
Platform modules already initialized, skipping
Refreshing native plugins compatible for Editor in 1.32 ms, found 3 plugins.
Preloading 0 native plugins for Editor in 0.00 ms.
Unloading 3220 Unused Serialized files (Serialized files now loaded: 0)
Unloading 16 unused Assets / (80.5 KB). Loaded Objects now: 3710.
Memory consumption went from 125.8 MB to 125.7 MB.
Total: 2.607500 ms (FindLiveObjects: 0.175900 ms CreateObjectMapping: 0.062800 ms MarkObjects: 2.297600 ms  DeleteObjects: 0.070700 ms)

AssetImportParameters requested are different than current active one (requested -> active):
  custom:video-decoder-ogg-theora: a1e56fd34408186e4bbccfd4996cb3dc -> 
  custom:container-muxer-webm: aa71ff27fc2769a1b78a27578f13a17b -> 
  custom:container-demuxer-webm: 4f35f7cbe854078d1ac9338744f61a02 -> 
  custom:video-encoder-webm-vp8: eb34c28f22e8b96e1ab97ce403110664 -> 
  custom:audio-encoder-webm-vorbis: bf7c407c2cedff20999df2af8eb42d56 -> 
  custom:framework-win-MediaFoundation: 216162199b28c13a410421893ffa2e32 -> 
  custom:container-demuxer-ogg: 62fdf1f143b41e24485cea50d1cbac27 -> 
  custom:video-decoder-webm-vp8: 9c59270c3fd7afecdb556c50c9e8de78 -> 
  custom:audio-decoder-ogg-vorbis: bf7c407c2cedff20999df2af8eb42d56 -> 
========================================================================
Received Import Request.
  Time since last request: 76.959396 seconds.
  path: Assets/Scenes
  artifactKey: Guid(6ea315d0fd7389c41b19996891e99ae3) Importer(815301076,1909f56bfc062723c751e8b465ee728b)
Start importing Assets/Scenes using Guid(6ea315d0fd7389c41b19996891e99ae3) Importer(815301076,1909f56bfc062723c751e8b465ee728b)  -> (artifact id: 'b8193726cff86800c54781cdc6d54904') in 0.005139 seconds 
========================================================================
Received Import Request.
  Time since last request: 0.908953 seconds.
  path: Assets/Scenes/forest.unity
  artifactKey: Guid(6d5211fe022f57c488c6ee0300c5692f) Importer(815301076,1909f56bfc062723c751e8b465ee728b)
Start importing Assets/Scenes/forest.unity using Guid(6d5211fe022f57c488c6ee0300c5692f) Importer(815301076,1909f56bfc062723c751e8b465ee728b)  -> (artifact id: '60ceb50df8234134a894026834b91927') in 0.000899 seconds 
========================================================================
Received Import Request.
  Time since last request: 997.257616 seconds.
  path: Assets/characters/enemies/RPG Monster Wave PBR/Prefabs
  artifactKey: Guid(6930d1f6634655547954566e89304020) Importer(815301076,1909f56bfc062723c751e8b465ee728b)
Start importing Assets/characters/enemies/RPG Monster Wave PBR/Prefabs using Guid(6930d1f6634655547954566e89304020) Importer(815301076,1909f56bfc062723c751e8b465ee728b)  -> (artifact id: '44b7cfc8de84123a8009125d2907e93b') in 0.000912 seconds 
========================================================================
Received Import Request.
  Time since last request: 1.382964 seconds.
  path: Assets/characters/enemies/RPG Monster Wave PBR/Prefabs/PBRDefault
  artifactKey: Guid(30e7b3d490e256f459e11a018cd4a1a1) Importer(815301076,1909f56bfc062723c751e8b465ee728b)
Start importing Assets/characters/enemies/RPG Monster Wave PBR/Prefabs/PBRDefault using Guid(30e7b3d490e256f459e11a018cd4a1a1) Importer(815301076,1909f56bfc062723c751e8b465ee728b)  -> (artifact id: 'a1ea2dd95fcd4691af50464b519b8156') in 0.000919 seconds 
========================================================================
Received Import Request.
  Time since last request: 0.091428 seconds.
  path: Assets/characters/enemies/RPG Monster Wave PBR/Prefabs/PBRDefault/BatPBR.prefab
  artifactKey: Guid(e2ce315c37e32fd4b9d2fd8f2d56a7d0) Importer(815301076,1909f56bfc062723c751e8b465ee728b)
Start importing Assets/characters/enemies/RPG Monster Wave PBR/Prefabs/PBRDefault/BatPBR.prefab using Guid(e2ce315c37e32fd4b9d2fd8f2d56a7d0) Importer(815301076,1909f56bfc062723c751e8b465ee728b)  -> (artifact id: 'd67651a3d6ff148d565fdb90891c5d03') in 0.299104 seconds 
========================================================================
Received Import Request.
  Time since last request: 0.000017 seconds.
  path: Assets/characters/enemies/RPG Monster Wave PBR/Prefabs/PBRDefault/SlimePBR.prefab
  artifactKey: Guid(e5bf32a70c2e58f4f9ec61dad9659a4b) Importer(815301076,1909f56bfc062723c751e8b465ee728b)
Start importing Assets/characters/enemies/RPG Monster Wave PBR/Prefabs/PBRDefault/SlimePBR.prefab using Guid(e5bf32a70c2e58f4f9ec61dad9659a4b) Importer(815301076,1909f56bfc062723c751e8b465ee728b)  -> (artifact id: '9c067ebabd0f8cd55e5bfbb7f0d4922f') in 0.019398 seconds 
========================================================================
Received Import Request.
  Time since last request: 0.000016 seconds.
  path: Assets/characters/enemies/RPG Monster Wave PBR/Prefabs/PBRDefault/GolemPBR.prefab
  artifactKey: Guid(45f36e2270151a542be4982f9f1dd581) Importer(815301076,1909f56bfc062723c751e8b465ee728b)
Start importing Assets/characters/enemies/RPG Monster Wave PBR/Prefabs/PBRDefault/GolemPBR.prefab using Guid(45f36e2270151a542be4982f9f1dd581) Importer(815301076,1909f56bfc062723c751e8b465ee728b)  -> (artifact id: 'b76343ebb8482a9bb567d84f9b2f3761') in 0.020684 seconds 
========================================================================
Received Import Request.
  Time since last request: 0.000016 seconds.
  path: Assets/characters/enemies/RPG Monster Wave PBR/Prefabs/PBRDefault/SkeletonPBR.prefab
  artifactKey: Guid(ebf2cc118768d314988702254deb07a7) Importer(815301076,1909f56bfc062723c751e8b465ee728b)
Start importing Assets/characters/enemies/RPG Monster Wave PBR/Prefabs/PBRDefault/SkeletonPBR.prefab using Guid(ebf2cc118768d314988702254deb07a7) Importer(815301076,1909f56bfc062723c751e8b465ee728b)  -> (artifact id: '508de04a87e369d3c17a350655b9b6a8') in 0.023458 seconds 
========================================================================
Received Import Request.
  Time since last request: 0.000016 seconds.
  path: Assets/characters/enemies/RPG Monster Wave PBR/Prefabs/PBRDefault/SpiderPBR.prefab
  artifactKey: Guid(a81cfdb3f3b757345a955fb9947163c8) Importer(815301076,1909f56bfc062723c751e8b465ee728b)
Start importing Assets/characters/enemies/RPG Monster Wave PBR/Prefabs/PBRDefault/SpiderPBR.prefab using Guid(a81cfdb3f3b757345a955fb9947163c8) Importer(815301076,1909f56bfc062723c751e8b465ee728b)  -> (artifact id: '92b1ccf0d6c2741c1852f456d1420df6') in 0.019928 seconds 
Editor requested this worker to shutdown with reason: Scaling down because of idle timeout
AssetImportWorker is now disconnected from the server
Process exiting
Exiting without the bug reporter. Application will terminate with return code 0