Using pre-set license
Built from '2021.3/staging' branch; Version is '2021.3.0f1 (6eacc8284459) revision 7253192'; Using compiler version '192829333'; Build Type 'Release'
OS: 'Windows 11  (10.0.22000) 64bit Core' Language: 'pt' Physical Memory: 32693 MB
BatchMode: 1, IsHumanControllingUs: 0, StartBugReporterOnCrash: 0, Is64bit: 1, IsPro: 1

COMMAND LINE ARGUMENTS:
C:\Program Files\Unity\Hub\Editor\2021.3.0f1\Editor\Unity.exe
-adb2
-batchMode
-noUpm
-name
AssetImportWorker2
-projectPath
D:/faculdade/2021_22/aav/github/projeto/projeto2022
-logFile
Logs/AssetImportWorker2.log
-srvPort
51555
Successfully changed project path to: D:/faculdade/2021_22/aav/github/projeto/projeto2022
D:/faculdade/2021_22/aav/github/projeto/projeto2022
[UnityMemory] Configuration Parameters - Can be set up in boot.config
    "memorysetup-bucket-allocator-granularity=16"
    "memorysetup-bucket-allocator-bucket-count=8"
    "memorysetup-bucket-allocator-block-size=33554432"
    "memorysetup-bucket-allocator-block-count=8"
    "memorysetup-main-allocator-block-size=16777216"
    "memorysetup-thread-allocator-block-size=16777216"
    "memorysetup-gfx-main-allocator-block-size=16777216"
    "memorysetup-gfx-thread-allocator-block-size=16777216"
    "memorysetup-cache-allocator-block-size=4194304"
    "memorysetup-typetree-allocator-block-size=2097152"
    "memorysetup-profiler-bucket-allocator-granularity=16"
    "memorysetup-profiler-bucket-allocator-bucket-count=8"
    "memorysetup-profiler-bucket-allocator-block-size=33554432"
    "memorysetup-profiler-bucket-allocator-block-count=8"
    "memorysetup-profiler-allocator-block-size=16777216"
    "memorysetup-profiler-editor-allocator-block-size=1048576"
    "memorysetup-temp-allocator-size-main=16777216"
    "memorysetup-job-temp-allocator-block-size=2097152"
    "memorysetup-job-temp-allocator-block-size-background=1048576"
    "memorysetup-job-temp-allocator-reduction-small-platforms=262144"
    "memorysetup-temp-allocator-size-background-worker=32768"
    "memorysetup-temp-allocator-size-job-worker=262144"
    "memorysetup-temp-allocator-size-preload-manager=33554432"
    "memorysetup-temp-allocator-size-nav-mesh-worker=65536"
    "memorysetup-temp-allocator-size-audio-worker=65536"
    "memorysetup-temp-allocator-size-cloud-worker=32768"
    "memorysetup-temp-allocator-size-gi-baking-worker=262144"
    "memorysetup-temp-allocator-size-gfx=262144"
Refreshing native plugins compatible for Editor in 63.65 ms, found 3 plugins.
Preloading 0 native plugins for Editor in 0.00 ms.
Initialize engine version: 2021.3.0f1 (6eacc8284459)
[Subsystems] Discovering subsystems at path C:/Program Files/Unity/Hub/Editor/2021.3.0f1/Editor/Data/Resources/UnitySubsystems
[Subsystems] Discovering subsystems at path D:/faculdade/2021_22/aav/github/projeto/projeto2022/Assets
GfxDevice: creating device client; threaded=0; jobified=0
Direct3D:
    Version:  Direct3D 11.0 [level 11.1]
    Renderer: NVIDIA GeForce RTX 3080 (ID=0x2206)
    Vendor:   NVIDIA
    VRAM:     10078 MB
    Driver:   27.21.14.6089
Initialize mono
Mono path[0] = 'C:/Program Files/Unity/Hub/Editor/2021.3.0f1/Editor/Data/Managed'
Mono path[1] = 'C:/Program Files/Unity/Hub/Editor/2021.3.0f1/Editor/Data/MonoBleedingEdge/lib/mono/unityjit-win32'
Mono config path = 'C:/Program Files/Unity/Hub/Editor/2021.3.0f1/Editor/Data/MonoBleedingEdge/etc'
Using monoOptions --debugger-agent=transport=dt_socket,embedding=1,server=y,suspend=n,address=127.0.0.1:56248
Begin MonoManager ReloadAssembly
Registering precompiled unity dll's ...
Register platform support module: C:/Program Files/Unity/Hub/Editor/2021.3.0f1/Editor/Data/PlaybackEngines/WindowsStandaloneSupport/UnityEditor.WindowsStandalone.Extensions.dll
Registered in 0.003061 seconds.
Native extension for WindowsStandalone target not found
Refreshing native plugins compatible for Editor in 61.05 ms, found 3 plugins.
Preloading 0 native plugins for Editor in 0.00 ms.
Mono: successfully reloaded assembly
- Completed reload, in  0.425 seconds
Domain Reload Profiling:
	ReloadAssembly (425ms)
		BeginReloadAssembly (48ms)
			ExecutionOrderSort (0ms)
			DisableScriptedObjects (0ms)
			BackupInstance (0ms)
			ReleaseScriptingObjects (0ms)
			CreateAndSetChildDomain (0ms)
		EndReloadAssembly (305ms)
			LoadAssemblies (46ms)
			RebuildTransferFunctionScriptingTraits (0ms)
			SetupTypeCache (62ms)
			ReleaseScriptCaches (0ms)
			RebuildScriptCaches (18ms)
			SetupLoadedEditorAssemblies (192ms)
				LogAssemblyErrors (0ms)
				InitializePlatformSupportModulesInManaged (5ms)
				SetLoadedEditorAssemblies (0ms)
				RefreshPlugins (61ms)
				BeforeProcessingInitializeOnLoad (1ms)
				ProcessInitializeOnLoadAttributes (96ms)
				ProcessInitializeOnLoadMethodAttributes (30ms)
				AfterProcessingInitializeOnLoad (0ms)
				EditorAssembliesLoaded (0ms)
			ExecutionOrderSort2 (0ms)
			AwakeInstancesAfterBackupRestoration (0ms)
Platform modules already initialized, skipping
Registering precompiled user dll's ...
Registered in 0.002169 seconds.
Begin MonoManager ReloadAssembly
Symbol file LoadedFromMemory doesn't match image D:\faculdade\2021_22\aav\github\projeto\projeto2022\Library\PackageCache\com.unity.visualscripting@1.7.6\Editor\VisualScripting.Core\Dependencies\YamlDotNet\Unity.VisualScripting.YamlDotNet.dll
Symbol file LoadedFromMemory is not a mono symbol file
Symbol file LoadedFromMemory doesn't match image D:\faculdade\2021_22\aav\github\projeto\projeto2022\Library\PackageCache\com.unity.visualscripting@1.7.6\Editor\VisualScripting.Core\Dependencies\DotNetZip\Unity.VisualScripting.IonicZip.dll
Native extension for WindowsStandalone target not found
Refreshing native plugins compatible for Editor in 0.56 ms, found 3 plugins.
Preloading 0 native plugins for Editor in 0.00 ms.
Mono: successfully reloaded assembly
- Completed reload, in  0.679 seconds
Domain Reload Profiling:
	ReloadAssembly (679ms)
		BeginReloadAssembly (76ms)
			ExecutionOrderSort (0ms)
			DisableScriptedObjects (4ms)
			BackupInstance (0ms)
			ReleaseScriptingObjects (0ms)
			CreateAndSetChildDomain (15ms)
		EndReloadAssembly (523ms)
			LoadAssemblies (57ms)
			RebuildTransferFunctionScriptingTraits (0ms)
			SetupTypeCache (152ms)
			ReleaseScriptCaches (0ms)
			RebuildScriptCaches (38ms)
			SetupLoadedEditorAssemblies (244ms)
				LogAssemblyErrors (0ms)
				InitializePlatformSupportModulesInManaged (4ms)
				SetLoadedEditorAssemblies (0ms)
				RefreshPlugins (1ms)
				BeforeProcessingInitializeOnLoad (56ms)
				ProcessInitializeOnLoadAttributes (163ms)
				ProcessInitializeOnLoadMethodAttributes (16ms)
				AfterProcessingInitializeOnLoad (4ms)
				EditorAssembliesLoaded (0ms)
			ExecutionOrderSort2 (0ms)
			AwakeInstancesAfterBackupRestoration (4ms)
Platform modules already initialized, skipping
========================================================================
Worker process is ready to serve import requests
Launched and connected shader compiler UnityShaderCompiler.exe after 0.03 seconds
Refreshing native plugins compatible for Editor in 0.65 ms, found 3 plugins.
Preloading 0 native plugins for Editor in 0.00 ms.
Unloading 3250 Unused Serialized files (Serialized files now loaded: 0)
Unloading 23 unused Assets / (113.9 KB). Loaded Objects now: 3736.
Memory consumption went from 191.4 MB to 191.3 MB.
Total: 2.567000 ms (FindLiveObjects: 0.226700 ms CreateObjectMapping: 0.088300 ms MarkObjects: 2.160100 ms  DeleteObjects: 0.091300 ms)

AssetImportParameters requested are different than current active one (requested -> active):
  custom:video-decoder-ogg-theora: a1e56fd34408186e4bbccfd4996cb3dc -> 
  custom:container-muxer-webm: aa71ff27fc2769a1b78a27578f13a17b -> 
  custom:container-demuxer-webm: 4f35f7cbe854078d1ac9338744f61a02 -> 
  custom:video-encoder-webm-vp8: eb34c28f22e8b96e1ab97ce403110664 -> 
  custom:audio-encoder-webm-vorbis: bf7c407c2cedff20999df2af8eb42d56 -> 
  custom:framework-win-MediaFoundation: 216162199b28c13a410421893ffa2e32 -> 
  custom:container-demuxer-ogg: 62fdf1f143b41e24485cea50d1cbac27 -> 
  custom:video-decoder-webm-vp8: 9c59270c3fd7afecdb556c50c9e8de78 -> 
  custom:audio-decoder-ogg-vorbis: bf7c407c2cedff20999df2af8eb42d56 -> 
========================================================================
Received Import Request.
  Time since last request: 132288.165473 seconds.
  path: Assets/forest/nature/Stylized Mushroom/Shader
  artifactKey: Guid(535d427112b960247818885b52f6a7e9) Importer(815301076,1909f56bfc062723c751e8b465ee728b)
Start importing Assets/forest/nature/Stylized Mushroom/Shader using Guid(535d427112b960247818885b52f6a7e9) Importer(815301076,1909f56bfc062723c751e8b465ee728b)  -> (artifact id: 'a8f5d5484080ebbfc9198f12dcf1b4cd') in 0.005574 seconds 
========================================================================
Received Import Request.
  Time since last request: 14.201043 seconds.
  path: Assets/Scenes/forest.unity
  artifactKey: Guid(6d5211fe022f57c488c6ee0300c5692f) Importer(815301076,1909f56bfc062723c751e8b465ee728b)
Start importing Assets/Scenes/forest.unity using Guid(6d5211fe022f57c488c6ee0300c5692f) Importer(815301076,1909f56bfc062723c751e8b465ee728b)  -> (artifact id: '77aeb8e455ee8509292e4d1e4e3f8fd9') in 0.000915 seconds 
========================================================================
Received Import Request.
  Time since last request: 19.516981 seconds.
  path: Assets/forest/nature/Stylized Mushroom/Prefab
  artifactKey: Guid(420f18da067eed84486e09a7b2ff286f) Importer(815301076,1909f56bfc062723c751e8b465ee728b)
Start importing Assets/forest/nature/Stylized Mushroom/Prefab using Guid(420f18da067eed84486e09a7b2ff286f) Importer(815301076,1909f56bfc062723c751e8b465ee728b)  -> (artifact id: '360419ca74d31244fe4f8805bd8c1f61') in 0.000737 seconds 
========================================================================
Received Import Request.
  Time since last request: 0.758241 seconds.
  path: Assets/forest/nature/Stylized Mushroom/Prefab/mushroom_All1.prefab
  artifactKey: Guid(4f08c1e18e3fd2b438baf97a89b44f8e) Importer(815301076,1909f56bfc062723c751e8b465ee728b)
Start importing Assets/forest/nature/Stylized Mushroom/Prefab/mushroom_All1.prefab using Guid(4f08c1e18e3fd2b438baf97a89b44f8e) Importer(815301076,1909f56bfc062723c751e8b465ee728b)  -> (artifact id: '7b3b083afe8e50f2bdf087979f505eec') in 0.194870 seconds 
========================================================================
Received Import Request.
  Time since last request: 452.524443 seconds.
  path: Assets/Stylized Water For URP
  artifactKey: Guid(a9ead21697c078d4e8251453ec12cdf5) Importer(815301076,1909f56bfc062723c751e8b465ee728b)
Start importing Assets/Stylized Water For URP using Guid(a9ead21697c078d4e8251453ec12cdf5) Importer(815301076,1909f56bfc062723c751e8b465ee728b)  -> (artifact id: '52d237788232d389bf737ff5d9143dea') in 0.000892 seconds 
========================================================================
Received Import Request.
  Time since last request: 2.313664 seconds.
  path: Assets/Free Stylized Skybox
  artifactKey: Guid(8bca250ba69209d4e99d3cc43378cc5d) Importer(815301076,1909f56bfc062723c751e8b465ee728b)
Start importing Assets/Free Stylized Skybox using Guid(8bca250ba69209d4e99d3cc43378cc5d) Importer(815301076,1909f56bfc062723c751e8b465ee728b)  -> (artifact id: '1b76413bb7198c5a1c50daf5eb42b3c6') in 0.000919 seconds 
========================================================================
Received Import Request.
  Time since last request: 1.123925 seconds.
  path: Assets/Free Stylized Skybox/ReadMe.txt
  artifactKey: Guid(a86ec5db966ebbe45aba28c70be3c459) Importer(815301076,1909f56bfc062723c751e8b465ee728b)
Start importing Assets/Free Stylized Skybox/ReadMe.txt using Guid(a86ec5db966ebbe45aba28c70be3c459) Importer(815301076,1909f56bfc062723c751e8b465ee728b)  -> (artifact id: '9ef8fc25e9c1d678677b881219df6ff1') in 0.026411 seconds 
========================================================================
Received Import Request.
  Time since last request: 16.366969 seconds.
  path: Assets/Free Stylized Skybox/Panoramic
  artifactKey: Guid(6588c901b4b81d540b701c69a7474393) Importer(815301076,1909f56bfc062723c751e8b465ee728b)
Start importing Assets/Free Stylized Skybox/Panoramic using Guid(6588c901b4b81d540b701c69a7474393) Importer(815301076,1909f56bfc062723c751e8b465ee728b)  -> (artifact id: '3dba10a2ec44d83a1198d72b5bcc2b5f') in 0.000880 seconds 
========================================================================
Received Import Request.
  Time since last request: 1.925256 seconds.
  path: Assets/Free Stylized Skybox/CubeMap
  artifactKey: Guid(8f1c5a5cb73b94a419410c4554e1dd97) Importer(815301076,1909f56bfc062723c751e8b465ee728b)
Start importing Assets/Free Stylized Skybox/CubeMap using Guid(8f1c5a5cb73b94a419410c4554e1dd97) Importer(815301076,1909f56bfc062723c751e8b465ee728b)  -> (artifact id: '2fc531a83dc13fbf452b85b3cdda905a') in 0.000858 seconds 
========================================================================
Received Import Request.
  Time since last request: 1.228336 seconds.
  path: Assets/Free Stylized Skybox/CubeMap/Textures
  artifactKey: Guid(6953ca6a2dba6a642abc25c20195238e) Importer(815301076,1909f56bfc062723c751e8b465ee728b)
Start importing Assets/Free Stylized Skybox/CubeMap/Textures using Guid(6953ca6a2dba6a642abc25c20195238e) Importer(815301076,1909f56bfc062723c751e8b465ee728b)  -> (artifact id: '35840c60f66b05ca8ec9e44f3e082277') in 0.000770 seconds 
========================================================================
Received Import Request.
  Time since last request: 1.368959 seconds.
  path: Assets/Free Stylized Skybox/CubeMap/Textures/Sky_Anime_03_Day_a.png
  artifactKey: Guid(e3de3e8435d45a64fa4aa46634ced55a) Importer(815301076,1909f56bfc062723c751e8b465ee728b)
Start importing Assets/Free Stylized Skybox/CubeMap/Textures/Sky_Anime_03_Day_a.png using Guid(e3de3e8435d45a64fa4aa46634ced55a) Importer(815301076,1909f56bfc062723c751e8b465ee728b)  -> (artifact id: '08c8230fb227d30ab82c88f27db993c2') in 0.607975 seconds 
========================================================================
Received Import Request.
  Time since last request: 0.000017 seconds.
  path: Assets/Free Stylized Skybox/CubeMap/Textures/Sky_Anime_15_Day_a.png
  artifactKey: Guid(fca5a57d63136f6428a1d31d1ab2c777) Importer(815301076,1909f56bfc062723c751e8b465ee728b)
Start importing Assets/Free Stylized Skybox/CubeMap/Textures/Sky_Anime_15_Day_a.png using Guid(fca5a57d63136f6428a1d31d1ab2c777) Importer(815301076,1909f56bfc062723c751e8b465ee728b)  -> (artifact id: '670d46658d863aefc9e4f922c788dc7f') in 0.065063 seconds 
========================================================================
Received Import Request.
  Time since last request: 0.000025 seconds.
  path: Assets/Free Stylized Skybox/CubeMap/Textures/Sky_LowPoly_01_Day_a.png
  artifactKey: Guid(15941f70fce71784da1321794120ea6a) Importer(815301076,1909f56bfc062723c751e8b465ee728b)
Start importing Assets/Free Stylized Skybox/CubeMap/Textures/Sky_LowPoly_01_Day_a.png using Guid(15941f70fce71784da1321794120ea6a) Importer(815301076,1909f56bfc062723c751e8b465ee728b)  -> (artifact id: '7345020730c596ccfc30ffeab46c1893') in 0.058365 seconds 
========================================================================
Received Import Request.
  Time since last request: 5.834313 seconds.
  path: Assets/Free Stylized Skybox/Scene.unity
  artifactKey: Guid(b6c24b8e304c2a24faf1f1e69b8ea107) Importer(815301076,1909f56bfc062723c751e8b465ee728b)
Start importing Assets/Free Stylized Skybox/Scene.unity using Guid(b6c24b8e304c2a24faf1f1e69b8ea107) Importer(815301076,1909f56bfc062723c751e8b465ee728b)  -> (artifact id: '22d21e95108e282aaada3c442d96daa5') in 0.001305 seconds 
========================================================================
Received Import Request.
  Time since last request: 21.403637 seconds.
  path: Assets/Scenes/forest.unity
  artifactKey: Guid(6d5211fe022f57c488c6ee0300c5692f) Importer(815301076,1909f56bfc062723c751e8b465ee728b)
Start importing Assets/Scenes/forest.unity using Guid(6d5211fe022f57c488c6ee0300c5692f) Importer(815301076,1909f56bfc062723c751e8b465ee728b)  -> (artifact id: '0b365be24d2c827aecfe37fcc127dde7') in 0.000818 seconds 
========================================================================
Received Import Request.
  Time since last request: 15.264553 seconds.
  path: Assets/Free Stylized Skybox/Panoramic/Materials
  artifactKey: Guid(caf6dc09e20841545a84ea5110230189) Importer(815301076,1909f56bfc062723c751e8b465ee728b)
Start importing Assets/Free Stylized Skybox/Panoramic/Materials using Guid(caf6dc09e20841545a84ea5110230189) Importer(815301076,1909f56bfc062723c751e8b465ee728b)  -> (artifact id: '95bfc4301ad260f074f81ca4a0ad5fdd') in 0.000815 seconds 
========================================================================
Received Import Request.
  Time since last request: 0.083510 seconds.
  path: Assets/Free Stylized Skybox/Panoramic/Materials/Sky_Anime_03_Day_a.mat
  artifactKey: Guid(6bfab16f387f95e4bb60f866299be241) Importer(815301076,1909f56bfc062723c751e8b465ee728b)
Start importing Assets/Free Stylized Skybox/Panoramic/Materials/Sky_Anime_03_Day_a.mat using Guid(6bfab16f387f95e4bb60f866299be241) Importer(815301076,1909f56bfc062723c751e8b465ee728b)  -> (artifact id: '3bbed2af4ff6381eb2d0b926f66805b4') in 0.260867 seconds 
========================================================================
Received Import Request.
  Time since last request: 0.000023 seconds.
  path: Assets/Free Stylized Skybox/Panoramic/Materials/Sky_Anime_18_day_a.mat
  artifactKey: Guid(f9ec1c0318dcc3149b0e9ae62a6d8cdf) Importer(815301076,1909f56bfc062723c751e8b465ee728b)
Start importing Assets/Free Stylized Skybox/Panoramic/Materials/Sky_Anime_18_day_a.mat using Guid(f9ec1c0318dcc3149b0e9ae62a6d8cdf) Importer(815301076,1909f56bfc062723c751e8b465ee728b)  -> (artifact id: '9d195e4971dde0f24a53c2767dd9c517') in 0.079739 seconds 
========================================================================
Received Import Request.
  Time since last request: 0.000061 seconds.
  path: Assets/Free Stylized Skybox/Panoramic/Materials/Sky_LowPoly_01_Day_a.mat
  artifactKey: Guid(6abe918ee1229b34f8557fc2a5a39825) Importer(815301076,1909f56bfc062723c751e8b465ee728b)
Start importing Assets/Free Stylized Skybox/Panoramic/Materials/Sky_LowPoly_01_Day_a.mat using Guid(6abe918ee1229b34f8557fc2a5a39825) Importer(815301076,1909f56bfc062723c751e8b465ee728b)  -> (artifact id: 'a7e6b29cd58bad2ee998d92b2203b926') in 0.085413 seconds 
========================================================================
Received Import Request.
  Time since last request: 9.516943 seconds.
  path: Assets/Free Stylized Skybox/Panoramic/Textures
  artifactKey: Guid(d9f8778e282034c4eb5dc5c46157aee9) Importer(815301076,1909f56bfc062723c751e8b465ee728b)
Start importing Assets/Free Stylized Skybox/Panoramic/Textures using Guid(d9f8778e282034c4eb5dc5c46157aee9) Importer(815301076,1909f56bfc062723c751e8b465ee728b)  -> (artifact id: '85e7ce29276574ace7c0c8aee0fdc3fd') in 0.000760 seconds 
========================================================================
Received Import Request.
  Time since last request: 0.050064 seconds.
  path: Assets/Free Stylized Skybox/Panoramic/Textures/Sky_Anime_03_Day_a.png
  artifactKey: Guid(f533b109bd941ea44b93a29274d4eef9) Importer(815301076,1909f56bfc062723c751e8b465ee728b)
Start importing Assets/Free Stylized Skybox/Panoramic/Textures/Sky_Anime_03_Day_a.png using Guid(f533b109bd941ea44b93a29274d4eef9) Importer(815301076,1909f56bfc062723c751e8b465ee728b)  -> (artifact id: '1ffc9a96001a8e8c90cedc96f5bc0d0e') in 0.028844 seconds 
========================================================================
Received Import Request.
  Time since last request: 0.000017 seconds.
  path: Assets/Free Stylized Skybox/Panoramic/Textures/Sky_LowPoly_01_Day_a.png
  artifactKey: Guid(b3453e84aa7d88a47a6b80b04864177c) Importer(815301076,1909f56bfc062723c751e8b465ee728b)
Start importing Assets/Free Stylized Skybox/Panoramic/Textures/Sky_LowPoly_01_Day_a.png using Guid(b3453e84aa7d88a47a6b80b04864177c) Importer(815301076,1909f56bfc062723c751e8b465ee728b)  -> (artifact id: 'a257ebc7cc5601c45c5c761b463915ca') in 0.026515 seconds 
========================================================================
Received Import Request.
  Time since last request: 0.000022 seconds.
  path: Assets/Free Stylized Skybox/Panoramic/Textures/Sky_Anime_18_day_a.png
  artifactKey: Guid(79d597b1e21ad6f43a22cf1308281022) Importer(815301076,1909f56bfc062723c751e8b465ee728b)
Start importing Assets/Free Stylized Skybox/Panoramic/Textures/Sky_Anime_18_day_a.png using Guid(79d597b1e21ad6f43a22cf1308281022) Importer(815301076,1909f56bfc062723c751e8b465ee728b)  -> (artifact id: '9365310477a8cd8a2b7475e9d914f7d0') in 0.026799 seconds 
========================================================================
Received Import Request.
  Time since last request: 8.777891 seconds.
  path: Assets/Free Stylized Skybox/CubeMap/Materials
  artifactKey: Guid(19743084541fd7f4eb15d11302fbc857) Importer(815301076,1909f56bfc062723c751e8b465ee728b)
Start importing Assets/Free Stylized Skybox/CubeMap/Materials using Guid(19743084541fd7f4eb15d11302fbc857) Importer(815301076,1909f56bfc062723c751e8b465ee728b)  -> (artifact id: 'e3d2180afcba348412796fc13eb3790e') in 0.000828 seconds 
========================================================================
Received Import Request.
  Time since last request: 0.064561 seconds.
  path: Assets/Free Stylized Skybox/CubeMap/Materials/Sky_Anime_03_Day_a.mat
  artifactKey: Guid(55e64e617a8bfff4ba846574e2651eb9) Importer(815301076,1909f56bfc062723c751e8b465ee728b)
Start importing Assets/Free Stylized Skybox/CubeMap/Materials/Sky_Anime_03_Day_a.mat using Guid(55e64e617a8bfff4ba846574e2651eb9) Importer(815301076,1909f56bfc062723c751e8b465ee728b)  -> (artifact id: '01c820a711e2fa995765659a78572de6') in 0.852674 seconds 
========================================================================
Received Import Request.
  Time since last request: 16.202915 seconds.
  path: Assets/Stylized Water For URP/Materials/Beach.mat
  artifactKey: Guid(8aaa66d84e5e3734c9d80569abe197e6) Importer(815301076,1909f56bfc062723c751e8b465ee728b)
Start importing Assets/Stylized Water For URP/Materials/Beach.mat using Guid(8aaa66d84e5e3734c9d80569abe197e6) Importer(815301076,1909f56bfc062723c751e8b465ee728b)  -> (artifact id: '7f3ee62790270caad48d0c1c99a755a4') in 0.026380 seconds 
========================================================================
Received Import Request.
  Time since last request: 0.000033 seconds.
  path: Assets/characters/hero/Female Mage Pack 01 Cute Series/Standard Assets Files/Materials/Face Female 01 Orange.mat
  artifactKey: Guid(ada87008915ce964f9239a7162e2ebe0) Importer(815301076,1909f56bfc062723c751e8b465ee728b)
Start importing Assets/characters/hero/Female Mage Pack 01 Cute Series/Standard Assets Files/Materials/Face Female 01 Orange.mat using Guid(ada87008915ce964f9239a7162e2ebe0) Importer(815301076,1909f56bfc062723c751e8b465ee728b)  -> (artifact id: '1ebae0388413c30d800368bc1836c7bd') in 0.066765 seconds 
========================================================================
Received Import Request.
  Time since last request: 0.000018 seconds.
  path: Assets/characters/hero/Female Mage Pack 01 Cute Series/Standard Assets Files/Materials/Face Female 03 Black.mat
  artifactKey: Guid(14856e772c3784347a8b616432f9ba8c) Importer(815301076,1909f56bfc062723c751e8b465ee728b)
Start importing Assets/characters/hero/Female Mage Pack 01 Cute Series/Standard Assets Files/Materials/Face Female 03 Black.mat using Guid(14856e772c3784347a8b616432f9ba8c) Importer(815301076,1909f56bfc062723c751e8b465ee728b)  -> (artifact id: '25a3b513cf2c6a669e11c404991d8a0c') in 0.062966 seconds 
========================================================================
Received Import Request.
  Time since last request: 0.000016 seconds.
  path: Assets/characters/hero/Female Mage Pack 01 Cute Series/Standard Assets Files/Materials/Face Female 01 Black.mat
  artifactKey: Guid(e29e9123afe7ced4ca20af693705fdea) Importer(815301076,1909f56bfc062723c751e8b465ee728b)
Start importing Assets/characters/hero/Female Mage Pack 01 Cute Series/Standard Assets Files/Materials/Face Female 01 Black.mat using Guid(e29e9123afe7ced4ca20af693705fdea) Importer(815301076,1909f56bfc062723c751e8b465ee728b)  -> (artifact id: '8a51b01f650681a461c5e20bef557c69') in 0.077365 seconds 
========================================================================
Received Import Request.
  Time since last request: 0.000016 seconds.
  path: Assets/characters/hero/Female Mage Pack 01 Cute Series/Standard Assets Files/Materials/Face Female 02 Blonde.mat
  artifactKey: Guid(09a09509d3076584ebb1283766915942) Importer(815301076,1909f56bfc062723c751e8b465ee728b)
Start importing Assets/characters/hero/Female Mage Pack 01 Cute Series/Standard Assets Files/Materials/Face Female 02 Blonde.mat using Guid(09a09509d3076584ebb1283766915942) Importer(815301076,1909f56bfc062723c751e8b465ee728b)  -> (artifact id: '09369799bd8e51178c09f9934ffa7c57') in 0.008932 seconds 
========================================================================
Received Import Request.
  Time since last request: 0.000015 seconds.
  path: Assets/characters/hero/Female Mage Pack 01 Cute Series/Standard Assets Files/Materials/Face Female 01 Grey.mat
  artifactKey: Guid(afd7ee03c8ac2214a992b23614fb3f70) Importer(815301076,1909f56bfc062723c751e8b465ee728b)
Start importing Assets/characters/hero/Female Mage Pack 01 Cute Series/Standard Assets Files/Materials/Face Female 01 Grey.mat using Guid(afd7ee03c8ac2214a992b23614fb3f70) Importer(815301076,1909f56bfc062723c751e8b465ee728b)  -> (artifact id: 'd1432cf1064a32c4e1a2f1ceda2118a3') in 0.005719 seconds 
========================================================================
Received Import Request.
  Time since last request: 0.000018 seconds.
  path: Assets/characters/hero/Female Mage Pack 01 Cute Series/Standard Assets Files/Materials/Face Female 03 Blonde.mat
  artifactKey: Guid(1df70349e4b6c5145b43d189c9cbd5f9) Importer(815301076,1909f56bfc062723c751e8b465ee728b)
Start importing Assets/characters/hero/Female Mage Pack 01 Cute Series/Standard Assets Files/Materials/Face Female 03 Blonde.mat using Guid(1df70349e4b6c5145b43d189c9cbd5f9) Importer(815301076,1909f56bfc062723c751e8b465ee728b)  -> (artifact id: '28672216ad26fecb034787ea3e495828') in 0.005421 seconds 
========================================================================
Received Import Request.
  Time since last request: 0.000016 seconds.
  path: Assets/characters/hero/Female Mage Pack 01 Cute Series/Standard Assets Files/Materials/Face Female 02 Black.mat
  artifactKey: Guid(1b59a744cc4cc224bb90b113349206d8) Importer(815301076,1909f56bfc062723c751e8b465ee728b)
Start importing Assets/characters/hero/Female Mage Pack 01 Cute Series/Standard Assets Files/Materials/Face Female 02 Black.mat using Guid(1b59a744cc4cc224bb90b113349206d8) Importer(815301076,1909f56bfc062723c751e8b465ee728b)  -> (artifact id: '2d633126b56e42d44444f37324abe420') in 0.006380 seconds 
========================================================================
Received Import Request.
  Time since last request: 0.000016 seconds.
  path: Assets/forest/objects/MaximeBrunoni/BridgesPack/Art/Materials/BridgePontoon.mat
  artifactKey: Guid(ede277ed129b6a74e9d8d7d1b52e8a48) Importer(815301076,1909f56bfc062723c751e8b465ee728b)
Start importing Assets/forest/objects/MaximeBrunoni/BridgesPack/Art/Materials/BridgePontoon.mat using Guid(ede277ed129b6a74e9d8d7d1b52e8a48) Importer(815301076,1909f56bfc062723c751e8b465ee728b)  -> (artifact id: '752f1ae312f92036b68a562bd7fce661') in 0.124053 seconds 
========================================================================
Received Import Request.
  Time since last request: 0.749510 seconds.
  path: Assets/characters/hero/Female Mage Pack 01 Cute Series/Standard Assets Files/Materials/Face Female 03 Grey.mat
  artifactKey: Guid(9b718e8b8406dda44b7d83762185b295) Importer(815301076,1909f56bfc062723c751e8b465ee728b)
Start importing Assets/characters/hero/Female Mage Pack 01 Cute Series/Standard Assets Files/Materials/Face Female 03 Grey.mat using Guid(9b718e8b8406dda44b7d83762185b295) Importer(815301076,1909f56bfc062723c751e8b465ee728b)  -> (artifact id: '935841b5fcb6bb8d9b45b25e77f512d6') in 0.006543 seconds 
========================================================================
Received Import Request.
  Time since last request: 0.000013 seconds.
  path: Assets/characters/hero/Female Mage Pack 01 Cute Series/Standard Assets Files/Materials/Fair Nature.mat
  artifactKey: Guid(469e6bf00645d744386d1f8f6701e29a) Importer(815301076,1909f56bfc062723c751e8b465ee728b)
Start importing Assets/characters/hero/Female Mage Pack 01 Cute Series/Standard Assets Files/Materials/Fair Nature.mat using Guid(469e6bf00645d744386d1f8f6701e29a) Importer(815301076,1909f56bfc062723c751e8b465ee728b)  -> (artifact id: '3be9df524ab4cabbbf3488960692a48d') in 0.006532 seconds 
========================================================================
Received Import Request.
  Time since last request: 0.000016 seconds.
  path: Assets/forest/buildings/Fantasy House/Materials/Fantasy House.mat
  artifactKey: Guid(d08b60c3dbccce04294170f33fe4bb5f) Importer(815301076,1909f56bfc062723c751e8b465ee728b)
Start importing Assets/forest/buildings/Fantasy House/Materials/Fantasy House.mat using Guid(d08b60c3dbccce04294170f33fe4bb5f) Importer(815301076,1909f56bfc062723c751e8b465ee728b)  -> (artifact id: '5b68fb9b46c061bb9e68b9f2cf5f1176') in 0.009128 seconds 
========================================================================
Received Import Request.
  Time since last request: 0.013677 seconds.
  path: Assets/characters/hero/Female Mage Pack 01 Cute Series/Standard Assets Files/Materials/FX Aura.mat
  artifactKey: Guid(426d42580d12d994195e8e1fd5fe84ab) Importer(815301076,1909f56bfc062723c751e8b465ee728b)
Start importing Assets/characters/hero/Female Mage Pack 01 Cute Series/Standard Assets Files/Materials/FX Aura.mat using Guid(426d42580d12d994195e8e1fd5fe84ab) Importer(815301076,1909f56bfc062723c751e8b465ee728b)  -> (artifact id: 'f25a5fc7279d80a6573b527f124d04c0') in 0.008529 seconds 
========================================================================
Received Import Request.
  Time since last request: 0.000013 seconds.
  path: Assets/characters/hero/Female Mage Pack 01 Cute Series/Standard Assets Files/Materials/Hair Brown.mat
  artifactKey: Guid(c8f6534713b3c7a4db17b55886c94ff0) Importer(815301076,1909f56bfc062723c751e8b465ee728b)
Start importing Assets/characters/hero/Female Mage Pack 01 Cute Series/Standard Assets Files/Materials/Hair Brown.mat using Guid(c8f6534713b3c7a4db17b55886c94ff0) Importer(815301076,1909f56bfc062723c751e8b465ee728b)  -> (artifact id: 'fe98a1ce08e19078ecce61874c00e308') in 0.005896 seconds 
========================================================================
Received Import Request.
  Time since last request: 0.000013 seconds.
  path: Assets/characters/hero/Female Mage Pack 01 Cute Series/Standard Assets Files/Materials/Hair Orange.mat
  artifactKey: Guid(7fd8ba9882f5af846bf72297db73a048) Importer(815301076,1909f56bfc062723c751e8b465ee728b)
Start importing Assets/characters/hero/Female Mage Pack 01 Cute Series/Standard Assets Files/Materials/Hair Orange.mat using Guid(7fd8ba9882f5af846bf72297db73a048) Importer(815301076,1909f56bfc062723c751e8b465ee728b)  -> (artifact id: '926a2698165b91cf90c53716b907c3e5') in 0.005817 seconds 
========================================================================
Received Import Request.
  Time since last request: 0.027454 seconds.
  path: Assets/forest/nature/IL3DN/Graphics/Materials/IL3DN_Backdrop.mat
  artifactKey: Guid(b61829061d5dc774b866e5bb9257dfa1) Importer(815301076,1909f56bfc062723c751e8b465ee728b)
Start importing Assets/forest/nature/IL3DN/Graphics/Materials/IL3DN_Backdrop.mat using Guid(b61829061d5dc774b866e5bb9257dfa1) Importer(815301076,1909f56bfc062723c751e8b465ee728b)  -> (artifact id: '242b7d8ca3a1432236ea200cc4206e50') in 0.008083 seconds 
========================================================================
Received Import Request.
  Time since last request: 0.000012 seconds.
  path: Assets/forest/nature/IL3DN/Graphics/Materials/IL3DN_Sky_Procedural.mat
  artifactKey: Guid(221f9488657b1f1498bb5860cf4c5ff3) Importer(815301076,1909f56bfc062723c751e8b465ee728b)
Start importing Assets/forest/nature/IL3DN/Graphics/Materials/IL3DN_Sky_Procedural.mat using Guid(221f9488657b1f1498bb5860cf4c5ff3) Importer(815301076,1909f56bfc062723c751e8b465ee728b)  -> (artifact id: 'd89b2955aa3d567f722c51a52948e938') in 0.007470 seconds 
========================================================================
Received Import Request.
  Time since last request: 0.000014 seconds.
  path: Assets/forest/nature/IL3DN/Graphics/Materials/IL3DN_Tree_Pine_Bark.mat
  artifactKey: Guid(1d97d3e66d3177240ae59310c2388d2b) Importer(815301076,1909f56bfc062723c751e8b465ee728b)
Start importing Assets/forest/nature/IL3DN/Graphics/Materials/IL3DN_Tree_Pine_Bark.mat using Guid(1d97d3e66d3177240ae59310c2388d2b) Importer(815301076,1909f56bfc062723c751e8b465ee728b)  -> (artifact id: '04ed864ea8bcd2673902e2609491ba44') in 0.008002 seconds 
========================================================================
Received Import Request.
  Time since last request: 0.608132 seconds.
  path: Assets/forest/objects/Stylized Well/Well/Materials/Material well.mat
  artifactKey: Guid(b5661cd8238897843bf2c7ead85599f7) Importer(815301076,1909f56bfc062723c751e8b465ee728b)
Start importing Assets/forest/objects/Stylized Well/Well/Materials/Material well.mat using Guid(b5661cd8238897843bf2c7ead85599f7) Importer(815301076,1909f56bfc062723c751e8b465ee728b)  -> (artifact id: '92bb32a3c6076eea1b4448decca6d4c8') in 0.013182 seconds 
========================================================================
Received Import Request.
  Time since last request: 0.015601 seconds.
  path: Assets/forest/nature/Stylized Mushroom/Materials/MushRoom2.mat
  artifactKey: Guid(e654a3066dff72f4c92bcf01157d85d0) Importer(815301076,1909f56bfc062723c751e8b465ee728b)
Start importing Assets/forest/nature/Stylized Mushroom/Materials/MushRoom2.mat using Guid(e654a3066dff72f4c92bcf01157d85d0) Importer(815301076,1909f56bfc062723c751e8b465ee728b)  -> (artifact id: '16eea7162226b915a25c5f47d15921bf') in 0.007915 seconds 
========================================================================
Received Import Request.
  Time since last request: 0.000014 seconds.
  path: Assets/Stylized Water For URP/Meshes/Circular Plane.fbx
  artifactKey: Guid(a4328de531d19f2429bc9f98f0e9f9c6) Importer(815301076,1909f56bfc062723c751e8b465ee728b)
Start importing Assets/Stylized Water For URP/Meshes/Circular Plane.fbx using Guid(a4328de531d19f2429bc9f98f0e9f9c6) Importer(815301076,1909f56bfc062723c751e8b465ee728b)  -> (artifact id: '17c5ec897d2c1c359e571505576334d5') in 0.028524 seconds 
========================================================================
Received Import Request.
  Time since last request: 0.000013 seconds.
  path: Assets/forest/objects/MaximeBrunoni/BridgesPack/Art/Materials/Pedestal.mat
  artifactKey: Guid(202fba20f9320794b8e236a75135290d) Importer(815301076,1909f56bfc062723c751e8b465ee728b)
Start importing Assets/forest/objects/MaximeBrunoni/BridgesPack/Art/Materials/Pedestal.mat using Guid(202fba20f9320794b8e236a75135290d) Importer(815301076,1909f56bfc062723c751e8b465ee728b)  -> (artifact id: '406a522ba2f59fc2203dcdb5f5edb80c') in 0.010936 seconds 
========================================================================
Received Import Request.
  Time since last request: 0.000018 seconds.
  path: Assets/Stylized Water For URP/Demos/Buoyancy/Object.mat
  artifactKey: Guid(671c9d24ead9c3947976c7b0564722a1) Importer(815301076,1909f56bfc062723c751e8b465ee728b)
Start importing Assets/Stylized Water For URP/Demos/Buoyancy/Object.mat using Guid(671c9d24ead9c3947976c7b0564722a1) Importer(815301076,1909f56bfc062723c751e8b465ee728b)  -> (artifact id: '6558e4e1f078e764677ac8d339ba4183') in 0.005324 seconds 
========================================================================
Received Import Request.
  Time since last request: 0.000024 seconds.
  path: Assets/characters/enemies/RPG Monster Wave PBR/Materials/PBRMaskTint01.mat
  artifactKey: Guid(8ae306b866e95814988001c70d96ddf6) Importer(815301076,1909f56bfc062723c751e8b465ee728b)
Start importing Assets/characters/enemies/RPG Monster Wave PBR/Materials/PBRMaskTint01.mat using Guid(8ae306b866e95814988001c70d96ddf6) Importer(815301076,1909f56bfc062723c751e8b465ee728b)  -> (artifact id: '963df65544d6b3f700a4635b35f6b5d8') in 0.014127 seconds 
========================================================================
Received Import Request.
  Time since last request: 2.889943 seconds.
  path: Assets/characters/enemies/RPG Monster Wave PBR/Materials/Skybox_Mat.mat
  artifactKey: Guid(06766a6624e8d6046be3a173082e5815) Importer(815301076,1909f56bfc062723c751e8b465ee728b)
Start importing Assets/characters/enemies/RPG Monster Wave PBR/Materials/Skybox_Mat.mat using Guid(06766a6624e8d6046be3a173082e5815) Importer(815301076,1909f56bfc062723c751e8b465ee728b)  -> (artifact id: '1889f3ac441617452a1e006095f4e7ad') in 0.016639 seconds 
========================================================================
Received Import Request.
  Time since last request: 0.000023 seconds.
  path: Assets/forest/textures/Stylized Grass Texture/Materials/Stylize_Grass_diffuse.mat
  artifactKey: Guid(516e6f11e8de6624eb6be4bac8c14555) Importer(815301076,1909f56bfc062723c751e8b465ee728b)
Start importing Assets/forest/textures/Stylized Grass Texture/Materials/Stylize_Grass_diffuse.mat using Guid(516e6f11e8de6624eb6be4bac8c14555) Importer(815301076,1909f56bfc062723c751e8b465ee728b)  -> (artifact id: '7c35462b4dcbf3f0c096615b3fd74149') in 0.015753 seconds 
========================================================================
Received Import Request.
  Time since last request: 0.000019 seconds.
  path: Assets/characters/hero/Female Mage Pack 01 Cute Series/Standard Assets Files/Materials/Tan Aqua.mat
  artifactKey: Guid(b8385d239f40bcb41bf0604b6526a624) Importer(815301076,1909f56bfc062723c751e8b465ee728b)
Start importing Assets/characters/hero/Female Mage Pack 01 Cute Series/Standard Assets Files/Materials/Tan Aqua.mat using Guid(b8385d239f40bcb41bf0604b6526a624) Importer(815301076,1909f56bfc062723c751e8b465ee728b)  -> (artifact id: '17a4e7ee2fa10f837fd06a7cd83a0545') in 0.016748 seconds 
========================================================================
Received Import Request.
  Time since last request: 0.000017 seconds.
  path: Assets/characters/hero/Female Mage Pack 01 Cute Series/Standard Assets Files/Materials/Tan Nature.mat
  artifactKey: Guid(20ee787fefb98154a94ff466cac0713b) Importer(815301076,1909f56bfc062723c751e8b465ee728b)
Start importing Assets/characters/hero/Female Mage Pack 01 Cute Series/Standard Assets Files/Materials/Tan Nature.mat using Guid(20ee787fefb98154a94ff466cac0713b) Importer(815301076,1909f56bfc062723c751e8b465ee728b)  -> (artifact id: 'fda403735b8cf82b4a3a0bca8f267ef6') in 0.014343 seconds 
========================================================================
Received Import Request.
  Time since last request: 0.000020 seconds.
  path: Assets/characters/hero/Female Mage Pack 01 Cute Series/Standard Assets Files/Materials/Tan Fire.mat
  artifactKey: Guid(6fc55da9f6aa179429d80d2e29785be4) Importer(815301076,1909f56bfc062723c751e8b465ee728b)
Start importing Assets/characters/hero/Female Mage Pack 01 Cute Series/Standard Assets Files/Materials/Tan Fire.mat using Guid(6fc55da9f6aa179429d80d2e29785be4) Importer(815301076,1909f56bfc062723c751e8b465ee728b)  -> (artifact id: 'c5d77251b855df99cb653fa3a16a63ea') in 0.009121 seconds 
========================================================================
Received Import Request.
  Time since last request: 0.000027 seconds.
  path: Assets/Stylized Water For URP/Materials/Underwater.mat
  artifactKey: Guid(a0f631408cd8dc04c926f4f7d32f27d4) Importer(815301076,1909f56bfc062723c751e8b465ee728b)
Start importing Assets/Stylized Water For URP/Materials/Underwater.mat using Guid(a0f631408cd8dc04c926f4f7d32f27d4) Importer(815301076,1909f56bfc062723c751e8b465ee728b)  -> (artifact id: '10ed387f2ab365c3a500e29cf995a63c') in 0.005514 seconds 
========================================================================
Received Import Request.
  Time since last request: 0.000015 seconds.
  path: Assets/forest/objects/MaximeBrunoni/BridgesPack/Art/Materials/TreeFoliage.mat
  artifactKey: Guid(cd1191520a84ab24290cc641a6e0c246) Importer(815301076,1909f56bfc062723c751e8b465ee728b)
Start importing Assets/forest/objects/MaximeBrunoni/BridgesPack/Art/Materials/TreeFoliage.mat using Guid(cd1191520a84ab24290cc641a6e0c246) Importer(815301076,1909f56bfc062723c751e8b465ee728b)  -> (artifact id: '2faac86992782ec453e2cec4b4915fb2') in 0.015120 seconds 
========================================================================
Received Import Request.
  Time since last request: 0.000013 seconds.
  path: Assets/forest/objects/MaximeBrunoni/BridgesPack/Art/Materials/Water.mat
  artifactKey: Guid(048317bd250a65f4caac751eff15ba87) Importer(815301076,1909f56bfc062723c751e8b465ee728b)
Start importing Assets/forest/objects/MaximeBrunoni/BridgesPack/Art/Materials/Water.mat using Guid(048317bd250a65f4caac751eff15ba87) Importer(815301076,1909f56bfc062723c751e8b465ee728b)  -> (artifact id: '70e8630a45a9242cdb52607110700477') in 0.015490 seconds 
Editor requested this worker to shutdown with reason: Scaling down because of idle timeout
AssetImportWorker is now disconnected from the server
Process exiting
Exiting without the bug reporter. Application will terminate with return code 0