Using pre-set license
Built from '2021.3/staging' branch; Version is '2021.3.0f1 (6eacc8284459) revision 7253192'; Using compiler version '192829333'; Build Type 'Release'
OS: 'Windows 11  (10.0.22000) 64bit Core' Language: 'pt' Physical Memory: 32693 MB
BatchMode: 1, IsHumanControllingUs: 0, StartBugReporterOnCrash: 0, Is64bit: 1, IsPro: 1

COMMAND LINE ARGUMENTS:
C:\Program Files\Unity\Hub\Editor\2021.3.0f1\Editor\Unity.exe
-adb2
-batchMode
-noUpm
-name
AssetImportWorker9
-projectPath
D:/faculdade/2021_22/aav/github/projeto/projeto2022
-logFile
Logs/AssetImportWorker9.log
-srvPort
50927
Successfully changed project path to: D:/faculdade/2021_22/aav/github/projeto/projeto2022
D:/faculdade/2021_22/aav/github/projeto/projeto2022
[UnityMemory] Configuration Parameters - Can be set up in boot.config
    "memorysetup-bucket-allocator-granularity=16"
    "memorysetup-bucket-allocator-bucket-count=8"
    "memorysetup-bucket-allocator-block-size=33554432"
    "memorysetup-bucket-allocator-block-count=8"
    "memorysetup-main-allocator-block-size=16777216"
    "memorysetup-thread-allocator-block-size=16777216"
    "memorysetup-gfx-main-allocator-block-size=16777216"
    "memorysetup-gfx-thread-allocator-block-size=16777216"
    "memorysetup-cache-allocator-block-size=4194304"
    "memorysetup-typetree-allocator-block-size=2097152"
    "memorysetup-profiler-bucket-allocator-granularity=16"
    "memorysetup-profiler-bucket-allocator-bucket-count=8"
    "memorysetup-profiler-bucket-allocator-block-size=33554432"
    "memorysetup-profiler-bucket-allocator-block-count=8"
    "memorysetup-profiler-allocator-block-size=16777216"
    "memorysetup-profiler-editor-allocator-block-size=1048576"
    "memorysetup-temp-allocator-size-main=16777216"
    "memorysetup-job-temp-allocator-block-size=2097152"
    "memorysetup-job-temp-allocator-block-size-background=1048576"
    "memorysetup-job-temp-allocator-reduction-small-platforms=262144"
    "memorysetup-temp-allocator-size-background-worker=32768"
    "memorysetup-temp-allocator-size-job-worker=262144"
    "memorysetup-temp-allocator-size-preload-manager=33554432"
    "memorysetup-temp-allocator-size-nav-mesh-worker=65536"
    "memorysetup-temp-allocator-size-audio-worker=65536"
    "memorysetup-temp-allocator-size-cloud-worker=32768"
    "memorysetup-temp-allocator-size-gi-baking-worker=262144"
    "memorysetup-temp-allocator-size-gfx=262144"
Refreshing native plugins compatible for Editor in 66.21 ms, found 3 plugins.
Preloading 0 native plugins for Editor in 0.00 ms.
Initialize engine version: 2021.3.0f1 (6eacc8284459)
[Subsystems] Discovering subsystems at path C:/Program Files/Unity/Hub/Editor/2021.3.0f1/Editor/Data/Resources/UnitySubsystems
[Subsystems] Discovering subsystems at path D:/faculdade/2021_22/aav/github/projeto/projeto2022/Assets
GfxDevice: creating device client; threaded=0; jobified=0
Direct3D:
    Version:  Direct3D 11.0 [level 11.1]
    Renderer: NVIDIA GeForce RTX 3080 (ID=0x2206)
    Vendor:   NVIDIA
    VRAM:     10078 MB
    Driver:   27.21.14.6089
Initialize mono
Mono path[0] = 'C:/Program Files/Unity/Hub/Editor/2021.3.0f1/Editor/Data/Managed'
Mono path[1] = 'C:/Program Files/Unity/Hub/Editor/2021.3.0f1/Editor/Data/MonoBleedingEdge/lib/mono/unityjit-win32'
Mono config path = 'C:/Program Files/Unity/Hub/Editor/2021.3.0f1/Editor/Data/MonoBleedingEdge/etc'
Using monoOptions --debugger-agent=transport=dt_socket,embedding=1,server=y,suspend=n,address=127.0.0.1:56328
Begin MonoManager ReloadAssembly
Registering precompiled unity dll's ...
Register platform support module: C:/Program Files/Unity/Hub/Editor/2021.3.0f1/Editor/Data/PlaybackEngines/WindowsStandaloneSupport/UnityEditor.WindowsStandalone.Extensions.dll
Registered in 0.003674 seconds.
Native extension for WindowsStandalone target not found
Refreshing native plugins compatible for Editor in 61.04 ms, found 3 plugins.
Preloading 0 native plugins for Editor in 0.00 ms.
Mono: successfully reloaded assembly
- Completed reload, in  0.458 seconds
Domain Reload Profiling:
	ReloadAssembly (459ms)
		BeginReloadAssembly (57ms)
			ExecutionOrderSort (0ms)
			DisableScriptedObjects (0ms)
			BackupInstance (0ms)
			ReleaseScriptingObjects (0ms)
			CreateAndSetChildDomain (1ms)
		EndReloadAssembly (325ms)
			LoadAssemblies (55ms)
			RebuildTransferFunctionScriptingTraits (0ms)
			SetupTypeCache (68ms)
			ReleaseScriptCaches (0ms)
			RebuildScriptCaches (18ms)
			SetupLoadedEditorAssemblies (201ms)
				LogAssemblyErrors (0ms)
				InitializePlatformSupportModulesInManaged (5ms)
				SetLoadedEditorAssemblies (0ms)
				RefreshPlugins (61ms)
				BeforeProcessingInitializeOnLoad (1ms)
				ProcessInitializeOnLoadAttributes (100ms)
				ProcessInitializeOnLoadMethodAttributes (34ms)
				AfterProcessingInitializeOnLoad (0ms)
				EditorAssembliesLoaded (0ms)
			ExecutionOrderSort2 (0ms)
			AwakeInstancesAfterBackupRestoration (0ms)
Platform modules already initialized, skipping
Registering precompiled user dll's ...
Registered in 0.002600 seconds.
Begin MonoManager ReloadAssembly
Symbol file LoadedFromMemory doesn't match image D:\faculdade\2021_22\aav\github\projeto\projeto2022\Library\PackageCache\com.unity.visualscripting@1.7.6\Editor\VisualScripting.Core\Dependencies\YamlDotNet\Unity.VisualScripting.YamlDotNet.dll
Symbol file LoadedFromMemory is not a mono symbol file
Symbol file LoadedFromMemory doesn't match image D:\faculdade\2021_22\aav\github\projeto\projeto2022\Library\PackageCache\com.unity.visualscripting@1.7.6\Editor\VisualScripting.Core\Dependencies\DotNetZip\Unity.VisualScripting.IonicZip.dll
Native extension for WindowsStandalone target not found
Refreshing native plugins compatible for Editor in 0.49 ms, found 3 plugins.
Preloading 0 native plugins for Editor in 0.00 ms.
Mono: successfully reloaded assembly
- Completed reload, in  0.673 seconds
Domain Reload Profiling:
	ReloadAssembly (674ms)
		BeginReloadAssembly (82ms)
			ExecutionOrderSort (0ms)
			DisableScriptedObjects (4ms)
			BackupInstance (0ms)
			ReleaseScriptingObjects (0ms)
			CreateAndSetChildDomain (16ms)
		EndReloadAssembly (515ms)
			LoadAssemblies (67ms)
			RebuildTransferFunctionScriptingTraits (0ms)
			SetupTypeCache (156ms)
			ReleaseScriptCaches (0ms)
			RebuildScriptCaches (31ms)
			SetupLoadedEditorAssemblies (239ms)
				LogAssemblyErrors (0ms)
				InitializePlatformSupportModulesInManaged (4ms)
				SetLoadedEditorAssemblies (0ms)
				RefreshPlugins (1ms)
				BeforeProcessingInitializeOnLoad (60ms)
				ProcessInitializeOnLoadAttributes (154ms)
				ProcessInitializeOnLoadMethodAttributes (16ms)
				AfterProcessingInitializeOnLoad (5ms)
				EditorAssembliesLoaded (0ms)
			ExecutionOrderSort2 (0ms)
			AwakeInstancesAfterBackupRestoration (4ms)
Platform modules already initialized, skipping
========================================================================
Worker process is ready to serve import requests
Launched and connected shader compiler UnityShaderCompiler.exe after 0.05 seconds
Refreshing native plugins compatible for Editor in 0.99 ms, found 3 plugins.
Preloading 0 native plugins for Editor in 0.00 ms.
Unloading 3226 Unused Serialized files (Serialized files now loaded: 0)
Unloading 23 unused Assets / (112.8 KB). Loaded Objects now: 3709.
Memory consumption went from 126.2 MB to 126.1 MB.
Total: 5.255300 ms (FindLiveObjects: 0.388400 ms CreateObjectMapping: 0.094400 ms MarkObjects: 4.651500 ms  DeleteObjects: 0.120100 ms)

AssetImportParameters requested are different than current active one (requested -> active):
  custom:video-decoder-ogg-theora: a1e56fd34408186e4bbccfd4996cb3dc -> 
  custom:container-muxer-webm: aa71ff27fc2769a1b78a27578f13a17b -> 
  custom:container-demuxer-webm: 4f35f7cbe854078d1ac9338744f61a02 -> 
  custom:video-encoder-webm-vp8: eb34c28f22e8b96e1ab97ce403110664 -> 
  custom:audio-encoder-webm-vorbis: bf7c407c2cedff20999df2af8eb42d56 -> 
  custom:framework-win-MediaFoundation: 216162199b28c13a410421893ffa2e32 -> 
  custom:container-demuxer-ogg: 62fdf1f143b41e24485cea50d1cbac27 -> 
  custom:video-decoder-webm-vp8: 9c59270c3fd7afecdb556c50c9e8de78 -> 
  custom:audio-decoder-ogg-vorbis: bf7c407c2cedff20999df2af8eb42d56 -> 
========================================================================
Received Import Request.
  Time since last request: 44404.036783 seconds.
  path: Assets/forest/objects/MaximeBrunoni/BridgesPack/Prefabs/BridgePontoon.prefab
  artifactKey: Guid(12eafd3b38e02a046a7f72eda46088a4) Importer(815301076,1909f56bfc062723c751e8b465ee728b)
Start importing Assets/forest/objects/MaximeBrunoni/BridgesPack/Prefabs/BridgePontoon.prefab using Guid(12eafd3b38e02a046a7f72eda46088a4) Importer(815301076,1909f56bfc062723c751e8b465ee728b)  -> (artifact id: '0facd82c988a9e8d5052dde6b869657f') in 0.227738 seconds 
========================================================================
Received Import Request.
  Time since last request: 0.000028 seconds.
  path: Assets/forest/objects/MaximeBrunoni/BridgesPack/Prefabs/Tree.prefab
  artifactKey: Guid(573c113741e3d4f428d78dbe6ed5a13f) Importer(815301076,1909f56bfc062723c751e8b465ee728b)
Start importing Assets/forest/objects/MaximeBrunoni/BridgesPack/Prefabs/Tree.prefab using Guid(573c113741e3d4f428d78dbe6ed5a13f) Importer(815301076,1909f56bfc062723c751e8b465ee728b)  -> (artifact id: '45ca819fe0f6e46947a7369a8c4b8867') in 0.072986 seconds 
========================================================================
Received Import Request.
  Time since last request: 0.000024 seconds.
  path: Assets/forest/objects/MaximeBrunoni/BridgesPack/Prefabs/BridgeRockBroken.prefab
  artifactKey: Guid(b80442e197f93f3419e56b7366a8e9f2) Importer(815301076,1909f56bfc062723c751e8b465ee728b)
Start importing Assets/forest/objects/MaximeBrunoni/BridgesPack/Prefabs/BridgeRockBroken.prefab using Guid(b80442e197f93f3419e56b7366a8e9f2) Importer(815301076,1909f56bfc062723c751e8b465ee728b)  -> (artifact id: 'ba7e62e128ff9a16ffa28db0634fcbee') in 0.035000 seconds 
========================================================================
Received Import Request.
  Time since last request: 0.000021 seconds.
  path: Assets/forest/objects/MaximeBrunoni/BridgesPack/Prefabs/BridgeRock.prefab
  artifactKey: Guid(4eead59d2ca69554e9356d924e52cd51) Importer(815301076,1909f56bfc062723c751e8b465ee728b)
Start importing Assets/forest/objects/MaximeBrunoni/BridgesPack/Prefabs/BridgeRock.prefab using Guid(4eead59d2ca69554e9356d924e52cd51) Importer(815301076,1909f56bfc062723c751e8b465ee728b)  -> (artifact id: 'efe5b6ba4b971eae47760d523f3e841b') in 0.029449 seconds 
========================================================================
Received Import Request.
  Time since last request: 15.849877 seconds.
  path: Assets/forest/objects/MaximeBrunoni/BridgesPack/Art/Materials/BridgeRockBroken.mat
  artifactKey: Guid(60ef82ee2b18aca479d30923d2b4cd51) Importer(815301076,1909f56bfc062723c751e8b465ee728b)
Start importing Assets/forest/objects/MaximeBrunoni/BridgesPack/Art/Materials/BridgeRockBroken.mat using Guid(60ef82ee2b18aca479d30923d2b4cd51) Importer(815301076,1909f56bfc062723c751e8b465ee728b)  -> (artifact id: '80cca591787e138f4160b862c9eb4a41') in 0.052576 seconds 
========================================================================
Received Import Request.
  Time since last request: 0.000015 seconds.
  path: Assets/forest/objects/MaximeBrunoni/BridgesPack/Art/Materials/Transp.mat
  artifactKey: Guid(8f04f002838fb8444ac4c288658cb23f) Importer(815301076,1909f56bfc062723c751e8b465ee728b)
Start importing Assets/forest/objects/MaximeBrunoni/BridgesPack/Art/Materials/Transp.mat using Guid(8f04f002838fb8444ac4c288658cb23f) Importer(815301076,1909f56bfc062723c751e8b465ee728b)  -> (artifact id: 'bbedb9b1710862a566a682e68031a3db') in 0.006051 seconds 
========================================================================
Received Import Request.
  Time since last request: 0.000023 seconds.
  path: Assets/forest/objects/MaximeBrunoni/BridgesPack/Art/Materials/TreeFoliage.mat
  artifactKey: Guid(cd1191520a84ab24290cc641a6e0c246) Importer(815301076,1909f56bfc062723c751e8b465ee728b)
Start importing Assets/forest/objects/MaximeBrunoni/BridgesPack/Art/Materials/TreeFoliage.mat using Guid(cd1191520a84ab24290cc641a6e0c246) Importer(815301076,1909f56bfc062723c751e8b465ee728b)  -> (artifact id: '4b09feb4450c80026ed7239940f74c11') in 0.011813 seconds 
========================================================================
Received Import Request.
  Time since last request: 0.000023 seconds.
  path: Assets/forest/objects/MaximeBrunoni/BridgesPack/Art/Materials/Well.mat
  artifactKey: Guid(f8b2b708e33d16643960e97cb447e722) Importer(815301076,1909f56bfc062723c751e8b465ee728b)
Start importing Assets/forest/objects/MaximeBrunoni/BridgesPack/Art/Materials/Well.mat using Guid(f8b2b708e33d16643960e97cb447e722) Importer(815301076,1909f56bfc062723c751e8b465ee728b)  -> (artifact id: 'd1a9c602d4ce1d6008a71d9955cfdef2') in 0.014395 seconds 
Editor requested this worker to shutdown with reason: Scaling down because of idle timeout
AssetImportWorker is now disconnected from the server
Process exiting
Exiting without the bug reporter. Application will terminate with return code 0