Using pre-set license
Built from '2021.3/staging' branch; Version is '2021.3.0f1 (6eacc8284459) revision 7253192'; Using compiler version '192829333'; Build Type 'Release'
OS: 'Windows 11  (10.0.22000) 64bit Core' Language: 'pt' Physical Memory: 32693 MB
BatchMode: 1, IsHumanControllingUs: 0, StartBugReporterOnCrash: 0, Is64bit: 1, IsPro: 1

COMMAND LINE ARGUMENTS:
C:\Program Files\Unity\Hub\Editor\2021.3.0f1\Editor\Unity.exe
-adb2
-batchMode
-noUpm
-name
AssetImportWorker11
-projectPath
D:/faculdade/2021_22/aav/github/projeto/projeto2022
-logFile
Logs/AssetImportWorker11.log
-srvPort
50927
Successfully changed project path to: D:/faculdade/2021_22/aav/github/projeto/projeto2022
D:/faculdade/2021_22/aav/github/projeto/projeto2022
[UnityMemory] Configuration Parameters - Can be set up in boot.config
    "memorysetup-bucket-allocator-granularity=16"
    "memorysetup-bucket-allocator-bucket-count=8"
    "memorysetup-bucket-allocator-block-size=33554432"
    "memorysetup-bucket-allocator-block-count=8"
    "memorysetup-main-allocator-block-size=16777216"
    "memorysetup-thread-allocator-block-size=16777216"
    "memorysetup-gfx-main-allocator-block-size=16777216"
    "memorysetup-gfx-thread-allocator-block-size=16777216"
    "memorysetup-cache-allocator-block-size=4194304"
    "memorysetup-typetree-allocator-block-size=2097152"
    "memorysetup-profiler-bucket-allocator-granularity=16"
    "memorysetup-profiler-bucket-allocator-bucket-count=8"
    "memorysetup-profiler-bucket-allocator-block-size=33554432"
    "memorysetup-profiler-bucket-allocator-block-count=8"
    "memorysetup-profiler-allocator-block-size=16777216"
    "memorysetup-profiler-editor-allocator-block-size=1048576"
    "memorysetup-temp-allocator-size-main=16777216"
    "memorysetup-job-temp-allocator-block-size=2097152"
    "memorysetup-job-temp-allocator-block-size-background=1048576"
    "memorysetup-job-temp-allocator-reduction-small-platforms=262144"
    "memorysetup-temp-allocator-size-background-worker=32768"
    "memorysetup-temp-allocator-size-job-worker=262144"
    "memorysetup-temp-allocator-size-preload-manager=33554432"
    "memorysetup-temp-allocator-size-nav-mesh-worker=65536"
    "memorysetup-temp-allocator-size-audio-worker=65536"
    "memorysetup-temp-allocator-size-cloud-worker=32768"
    "memorysetup-temp-allocator-size-gi-baking-worker=262144"
    "memorysetup-temp-allocator-size-gfx=262144"
Refreshing native plugins compatible for Editor in 74.81 ms, found 3 plugins.
Preloading 0 native plugins for Editor in 0.00 ms.
Initialize engine version: 2021.3.0f1 (6eacc8284459)
[Subsystems] Discovering subsystems at path C:/Program Files/Unity/Hub/Editor/2021.3.0f1/Editor/Data/Resources/UnitySubsystems
[Subsystems] Discovering subsystems at path D:/faculdade/2021_22/aav/github/projeto/projeto2022/Assets
GfxDevice: creating device client; threaded=0; jobified=0
Direct3D:
    Version:  Direct3D 11.0 [level 11.1]
    Renderer: NVIDIA GeForce RTX 3080 (ID=0x2206)
    Vendor:   NVIDIA
    VRAM:     10078 MB
    Driver:   27.21.14.6089
Initialize mono
Mono path[0] = 'C:/Program Files/Unity/Hub/Editor/2021.3.0f1/Editor/Data/Managed'
Mono path[1] = 'C:/Program Files/Unity/Hub/Editor/2021.3.0f1/Editor/Data/MonoBleedingEdge/lib/mono/unityjit-win32'
Mono config path = 'C:/Program Files/Unity/Hub/Editor/2021.3.0f1/Editor/Data/MonoBleedingEdge/etc'
Using monoOptions --debugger-agent=transport=dt_socket,embedding=1,server=y,suspend=n,address=127.0.0.1:56432
Begin MonoManager ReloadAssembly
Registering precompiled unity dll's ...
Register platform support module: C:/Program Files/Unity/Hub/Editor/2021.3.0f1/Editor/Data/PlaybackEngines/WindowsStandaloneSupport/UnityEditor.WindowsStandalone.Extensions.dll
Registered in 0.003435 seconds.
Native extension for WindowsStandalone target not found
Refreshing native plugins compatible for Editor in 64.14 ms, found 3 plugins.
Preloading 0 native plugins for Editor in 0.00 ms.
Mono: successfully reloaded assembly
- Completed reload, in  0.452 seconds
Domain Reload Profiling:
	ReloadAssembly (453ms)
		BeginReloadAssembly (49ms)
			ExecutionOrderSort (0ms)
			DisableScriptedObjects (0ms)
			BackupInstance (0ms)
			ReleaseScriptingObjects (0ms)
			CreateAndSetChildDomain (0ms)
		EndReloadAssembly (326ms)
			LoadAssemblies (48ms)
			RebuildTransferFunctionScriptingTraits (0ms)
			SetupTypeCache (67ms)
			ReleaseScriptCaches (0ms)
			RebuildScriptCaches (18ms)
			SetupLoadedEditorAssemblies (206ms)
				LogAssemblyErrors (0ms)
				InitializePlatformSupportModulesInManaged (5ms)
				SetLoadedEditorAssemblies (0ms)
				RefreshPlugins (64ms)
				BeforeProcessingInitializeOnLoad (1ms)
				ProcessInitializeOnLoadAttributes (104ms)
				ProcessInitializeOnLoadMethodAttributes (32ms)
				AfterProcessingInitializeOnLoad (0ms)
				EditorAssembliesLoaded (0ms)
			ExecutionOrderSort2 (0ms)
			AwakeInstancesAfterBackupRestoration (0ms)
Platform modules already initialized, skipping
Registering precompiled user dll's ...
Registered in 0.002132 seconds.
Begin MonoManager ReloadAssembly
Symbol file LoadedFromMemory doesn't match image D:\faculdade\2021_22\aav\github\projeto\projeto2022\Library\PackageCache\com.unity.visualscripting@1.7.6\Editor\VisualScripting.Core\Dependencies\YamlDotNet\Unity.VisualScripting.YamlDotNet.dll
Symbol file LoadedFromMemory is not a mono symbol file
Symbol file LoadedFromMemory doesn't match image D:\faculdade\2021_22\aav\github\projeto\projeto2022\Library\PackageCache\com.unity.visualscripting@1.7.6\Editor\VisualScripting.Core\Dependencies\DotNetZip\Unity.VisualScripting.IonicZip.dll
Native extension for WindowsStandalone target not found
Refreshing native plugins compatible for Editor in 0.42 ms, found 3 plugins.
Preloading 0 native plugins for Editor in 0.00 ms.
Mono: successfully reloaded assembly
- Completed reload, in  0.667 seconds
Domain Reload Profiling:
	ReloadAssembly (667ms)
		BeginReloadAssembly (80ms)
			ExecutionOrderSort (0ms)
			DisableScriptedObjects (4ms)
			BackupInstance (0ms)
			ReleaseScriptingObjects (0ms)
			CreateAndSetChildDomain (18ms)
		EndReloadAssembly (505ms)
			LoadAssemblies (55ms)
			RebuildTransferFunctionScriptingTraits (0ms)
			SetupTypeCache (156ms)
			ReleaseScriptCaches (0ms)
			RebuildScriptCaches (31ms)
			SetupLoadedEditorAssemblies (239ms)
				LogAssemblyErrors (0ms)
				InitializePlatformSupportModulesInManaged (4ms)
				SetLoadedEditorAssemblies (0ms)
				RefreshPlugins (0ms)
				BeforeProcessingInitializeOnLoad (57ms)
				ProcessInitializeOnLoadAttributes (157ms)
				ProcessInitializeOnLoadMethodAttributes (16ms)
				AfterProcessingInitializeOnLoad (4ms)
				EditorAssembliesLoaded (0ms)
			ExecutionOrderSort2 (0ms)
			AwakeInstancesAfterBackupRestoration (4ms)
Platform modules already initialized, skipping
========================================================================
Worker process is ready to serve import requests
Launched and connected shader compiler UnityShaderCompiler.exe after 0.04 seconds
Refreshing native plugins compatible for Editor in 1.00 ms, found 3 plugins.
Preloading 0 native plugins for Editor in 0.00 ms.
Unloading 3226 Unused Serialized files (Serialized files now loaded: 0)
Unloading 23 unused Assets / (112.8 KB). Loaded Objects now: 3709.
Memory consumption went from 126.3 MB to 126.1 MB.
Total: 4.740300 ms (FindLiveObjects: 0.398700 ms CreateObjectMapping: 0.099400 ms MarkObjects: 4.123000 ms  DeleteObjects: 0.118400 ms)

AssetImportParameters requested are different than current active one (requested -> active):
  custom:video-decoder-ogg-theora: a1e56fd34408186e4bbccfd4996cb3dc -> 
  custom:container-muxer-webm: aa71ff27fc2769a1b78a27578f13a17b -> 
  custom:container-demuxer-webm: 4f35f7cbe854078d1ac9338744f61a02 -> 
  custom:video-encoder-webm-vp8: eb34c28f22e8b96e1ab97ce403110664 -> 
  custom:audio-encoder-webm-vorbis: bf7c407c2cedff20999df2af8eb42d56 -> 
  custom:framework-win-MediaFoundation: 216162199b28c13a410421893ffa2e32 -> 
  custom:container-demuxer-ogg: 62fdf1f143b41e24485cea50d1cbac27 -> 
  custom:video-decoder-webm-vp8: 9c59270c3fd7afecdb556c50c9e8de78 -> 
  custom:audio-decoder-ogg-vorbis: bf7c407c2cedff20999df2af8eb42d56 -> 
========================================================================
Received Import Request.
  Time since last request: 43828.492714 seconds.
  path: Assets/Tiny cabin Fantasy_Textured for challenge/TinyCabinFantasy_Textured_Scene.mtl
  artifactKey: Guid(a559b146a8173684ea06729a933f6ce8) Importer(815301076,1909f56bfc062723c751e8b465ee728b)
Start importing Assets/Tiny cabin Fantasy_Textured for challenge/TinyCabinFantasy_Textured_Scene.mtl using Guid(a559b146a8173684ea06729a933f6ce8) Importer(815301076,1909f56bfc062723c751e8b465ee728b)  -> (artifact id: '81510d35244bba0f6e4201ee08ea86ef') in 0.026361 seconds 
========================================================================
Received Import Request.
  Time since last request: 329.648495 seconds.
  path: Assets/Tiny cabin Fantasy_Textured for challenge/tiny cabin.fbx
  artifactKey: Guid(2752b1c823c0f6d47855515320728496) Importer(815301076,1909f56bfc062723c751e8b465ee728b)
Start importing Assets/Tiny cabin Fantasy_Textured for challenge/tiny cabin.fbx using Guid(2752b1c823c0f6d47855515320728496) Importer(815301076,1909f56bfc062723c751e8b465ee728b)  -> (artifact id: '2501e4841be998f64cb43c2cd8b56edf') in 0.157661 seconds 
========================================================================
Received Import Request.
  Time since last request: 237.153353 seconds.
  path: Assets/MaximeBrunoni
  artifactKey: Guid(b766b7337ec10f040838fbdfd2b4e93b) Importer(815301076,1909f56bfc062723c751e8b465ee728b)
Start importing Assets/MaximeBrunoni using Guid(b766b7337ec10f040838fbdfd2b4e93b) Importer(815301076,1909f56bfc062723c751e8b465ee728b)  -> (artifact id: '425b51a06d713d30300beff3bf5904c4') in 0.000861 seconds 
========================================================================
Received Import Request.
  Time since last request: 6.874382 seconds.
  path: Assets/forest/objects/MaximeBrunoni/BridgesPack
  artifactKey: Guid(79a71b35b948da144a1e758e0900dca8) Importer(815301076,1909f56bfc062723c751e8b465ee728b)
Start importing Assets/forest/objects/MaximeBrunoni/BridgesPack using Guid(79a71b35b948da144a1e758e0900dca8) Importer(815301076,1909f56bfc062723c751e8b465ee728b)  -> (artifact id: 'a5bcc31ac8c97239e5001f66202a7e11') in 0.000944 seconds 
========================================================================
Received Import Request.
  Time since last request: 1.574596 seconds.
  path: Assets/forest/objects/MaximeBrunoni/BridgesPack/Prefabs
  artifactKey: Guid(f11d201e057970842a31dea8984e084a) Importer(815301076,1909f56bfc062723c751e8b465ee728b)
Start importing Assets/forest/objects/MaximeBrunoni/BridgesPack/Prefabs using Guid(f11d201e057970842a31dea8984e084a) Importer(815301076,1909f56bfc062723c751e8b465ee728b)  -> (artifact id: '34b95bc3d60dbee75a43c6843bafb091') in 0.000795 seconds 
========================================================================
Received Import Request.
  Time since last request: 0.086916 seconds.
  path: Assets/forest/objects/MaximeBrunoni/BridgesPack/Prefabs/BridgeHanging.prefab
  artifactKey: Guid(3ac0c1bd9ddc8c443ae08a6d0b80abbf) Importer(815301076,1909f56bfc062723c751e8b465ee728b)
Start importing Assets/forest/objects/MaximeBrunoni/BridgesPack/Prefabs/BridgeHanging.prefab using Guid(3ac0c1bd9ddc8c443ae08a6d0b80abbf) Importer(815301076,1909f56bfc062723c751e8b465ee728b)  -> (artifact id: '893ed11a4fb0c6df088f74ddda5adaf5') in 0.093677 seconds 
========================================================================
Received Import Request.
  Time since last request: 0.000017 seconds.
  path: Assets/forest/objects/MaximeBrunoni/BridgesPack/Prefabs/SmallBoat.prefab
  artifactKey: Guid(a8abf0e5202774e48a51491da557a333) Importer(815301076,1909f56bfc062723c751e8b465ee728b)
Start importing Assets/forest/objects/MaximeBrunoni/BridgesPack/Prefabs/SmallBoat.prefab using Guid(a8abf0e5202774e48a51491da557a333) Importer(815301076,1909f56bfc062723c751e8b465ee728b)  -> (artifact id: '9f05c710f070d70fc9afebaf79404abf') in 0.059462 seconds 
========================================================================
Received Import Request.
  Time since last request: 0.000024 seconds.
  path: Assets/forest/objects/MaximeBrunoni/BridgesPack/Prefabs/BridgePontoons.prefab
  artifactKey: Guid(89750c696c45dbf4ea5fc352ddb69ad9) Importer(815301076,1909f56bfc062723c751e8b465ee728b)
Start importing Assets/forest/objects/MaximeBrunoni/BridgesPack/Prefabs/BridgePontoons.prefab using Guid(89750c696c45dbf4ea5fc352ddb69ad9) Importer(815301076,1909f56bfc062723c751e8b465ee728b)  -> (artifact id: '4c68eb4a73bf65a5d5c6af880d866007') in 0.083737 seconds 
========================================================================
Received Import Request.
  Time since last request: 0.000029 seconds.
  path: Assets/forest/objects/MaximeBrunoni/BridgesPack/Prefabs/Socle.prefab
  artifactKey: Guid(abe33e2d4d152ff4e8348058148d7a0a) Importer(815301076,1909f56bfc062723c751e8b465ee728b)
Start importing Assets/forest/objects/MaximeBrunoni/BridgesPack/Prefabs/Socle.prefab using Guid(abe33e2d4d152ff4e8348058148d7a0a) Importer(815301076,1909f56bfc062723c751e8b465ee728b)  -> (artifact id: '335b6e3b4d3fdc23f4bdd3f105429751') in 0.015557 seconds 
========================================================================
Received Import Request.
  Time since last request: 0.000013 seconds.
  path: Assets/forest/objects/MaximeBrunoni/BridgesPack/Prefabs/Water.prefab
  artifactKey: Guid(5659d1c9864d1a44fbbfa8bfe2d86628) Importer(815301076,1909f56bfc062723c751e8b465ee728b)
Start importing Assets/forest/objects/MaximeBrunoni/BridgesPack/Prefabs/Water.prefab using Guid(5659d1c9864d1a44fbbfa8bfe2d86628) Importer(815301076,1909f56bfc062723c751e8b465ee728b)  -> (artifact id: 'cc15bcbb9251f1374eba3dd47d1ad48e') in 0.020641 seconds 
========================================================================
Received Import Request.
  Time since last request: 0.000017 seconds.
  path: Assets/forest/objects/MaximeBrunoni/BridgesPack/Prefabs/Pedestal.prefab
  artifactKey: Guid(627cc11a2a7d3dc46a52c576e188b880) Importer(815301076,1909f56bfc062723c751e8b465ee728b)
Start importing Assets/forest/objects/MaximeBrunoni/BridgesPack/Prefabs/Pedestal.prefab using Guid(627cc11a2a7d3dc46a52c576e188b880) Importer(815301076,1909f56bfc062723c751e8b465ee728b)  -> (artifact id: '13d5d8fec7eb74812be6de40dfe63e94') in 0.011527 seconds 
========================================================================
Received Import Request.
  Time since last request: 0.000016 seconds.
  path: Assets/forest/objects/MaximeBrunoni/BridgesPack/Prefabs/SmallBoats.prefab
  artifactKey: Guid(e0df267cc1aa8f44d9cdd98e662e0721) Importer(815301076,1909f56bfc062723c751e8b465ee728b)
Start importing Assets/forest/objects/MaximeBrunoni/BridgesPack/Prefabs/SmallBoats.prefab using Guid(e0df267cc1aa8f44d9cdd98e662e0721) Importer(815301076,1909f56bfc062723c751e8b465ee728b)  -> (artifact id: 'd14f382f14a9393da73cff80d840a12b') in 0.034699 seconds 
========================================================================
Received Import Request.
  Time since last request: 0.000023 seconds.
  path: Assets/forest/objects/MaximeBrunoni/BridgesPack/Prefabs/Well.prefab
  artifactKey: Guid(a7ebb2d62037c6f44be85b88fabc33d4) Importer(815301076,1909f56bfc062723c751e8b465ee728b)
Start importing Assets/forest/objects/MaximeBrunoni/BridgesPack/Prefabs/Well.prefab using Guid(a7ebb2d62037c6f44be85b88fabc33d4) Importer(815301076,1909f56bfc062723c751e8b465ee728b)  -> (artifact id: 'd0951e89c58b4dd54d1a17dd1f1d5b57') in 0.015739 seconds 
========================================================================
Received Import Request.
  Time since last request: 0.000018 seconds.
  path: Assets/forest/objects/MaximeBrunoni/BridgesPack/Prefabs/Trees.prefab
  artifactKey: Guid(e16b9c582b318eb4c9c0d8bef0b8cc45) Importer(815301076,1909f56bfc062723c751e8b465ee728b)
Start importing Assets/forest/objects/MaximeBrunoni/BridgesPack/Prefabs/Trees.prefab using Guid(e16b9c582b318eb4c9c0d8bef0b8cc45) Importer(815301076,1909f56bfc062723c751e8b465ee728b)  -> (artifact id: '26ce8fa0ff8982abd20c25825bcd4684') in 0.031316 seconds 
========================================================================
Received Import Request.
  Time since last request: 15.823920 seconds.
  path: Assets/forest/objects/MaximeBrunoni/BridgesPack/Art/Materials/BridgePontoon.mat
  artifactKey: Guid(ede277ed129b6a74e9d8d7d1b52e8a48) Importer(815301076,1909f56bfc062723c751e8b465ee728b)
Start importing Assets/forest/objects/MaximeBrunoni/BridgesPack/Art/Materials/BridgePontoon.mat using Guid(ede277ed129b6a74e9d8d7d1b52e8a48) Importer(815301076,1909f56bfc062723c751e8b465ee728b)  -> (artifact id: 'fd6ddf0e7c40111295732bb6b19f518d') in 0.040568 seconds 
========================================================================
Received Import Request.
  Time since last request: 0.000023 seconds.
  path: Assets/forest/objects/MaximeBrunoni/BridgesPack/Art/Materials/TreeTrunk.mat
  artifactKey: Guid(4ba7101b7a6bbc94c814c8016f24bdff) Importer(815301076,1909f56bfc062723c751e8b465ee728b)
Start importing Assets/forest/objects/MaximeBrunoni/BridgesPack/Art/Materials/TreeTrunk.mat using Guid(4ba7101b7a6bbc94c814c8016f24bdff) Importer(815301076,1909f56bfc062723c751e8b465ee728b)  -> (artifact id: 'a25bc7bafcb7ccfce5064429d0357b61') in 0.038489 seconds 
========================================================================
Received Import Request.
  Time since last request: 0.000033 seconds.
  path: Assets/forest/objects/MaximeBrunoni/BridgesPack/Art/Materials/Water.mat
  artifactKey: Guid(048317bd250a65f4caac751eff15ba87) Importer(815301076,1909f56bfc062723c751e8b465ee728b)
Start importing Assets/forest/objects/MaximeBrunoni/BridgesPack/Art/Materials/Water.mat using Guid(048317bd250a65f4caac751eff15ba87) Importer(815301076,1909f56bfc062723c751e8b465ee728b)  -> (artifact id: '8b168eaa3cd91c57db3d4696ba86d1f6') in 0.016376 seconds 
========================================================================
Received Import Request.
  Time since last request: 39.417768 seconds.
  path: Assets/forest/objects/MaximeBrunoni/BridgesPack/Art/Textures/BridgeRockBroken/bridge_rock_broken_01_MetallicSmoothness.png
  artifactKey: Guid(83895b9bcfacd904183e8445dc03a4a8) Importer(815301076,1909f56bfc062723c751e8b465ee728b)
Start importing Assets/forest/objects/MaximeBrunoni/BridgesPack/Art/Textures/BridgeRockBroken/bridge_rock_broken_01_MetallicSmoothness.png using Guid(83895b9bcfacd904183e8445dc03a4a8) Importer(815301076,1909f56bfc062723c751e8b465ee728b)  -> (artifact id: 'e6b1dfabefe9ca95de41cdc0a9744e4e') in 0.066286 seconds 
========================================================================
Received Import Request.
  Time since last request: 169.061567 seconds.
  path: Assets/forest/objects/MaximeBrunoni/BridgesPack/Art/Meshes/BridgePontoon.fbx
  artifactKey: Guid(015cc955fa820a34fa386051717616a6) Importer(815301076,1909f56bfc062723c751e8b465ee728b)
Start importing Assets/forest/objects/MaximeBrunoni/BridgesPack/Art/Meshes/BridgePontoon.fbx using Guid(015cc955fa820a34fa386051717616a6) Importer(815301076,1909f56bfc062723c751e8b465ee728b)  -> (artifact id: '9921f584d224b410c4327eeabeaf4e40') in 0.043505 seconds 
========================================================================
Received Import Request.
  Time since last request: 0.000016 seconds.
  path: Assets/forest/objects/MaximeBrunoni/BridgesPack/Art/Meshes/SmallBoat.fbx
  artifactKey: Guid(96fb5f7e612ed0e449c24cb45dbfbdbe) Importer(815301076,1909f56bfc062723c751e8b465ee728b)
Start importing Assets/forest/objects/MaximeBrunoni/BridgesPack/Art/Meshes/SmallBoat.fbx using Guid(96fb5f7e612ed0e449c24cb45dbfbdbe) Importer(815301076,1909f56bfc062723c751e8b465ee728b)  -> (artifact id: 'c1da2a00dd84b7a3d54cf30e2e591716') in 0.038872 seconds 
========================================================================
Received Import Request.
  Time since last request: 0.000017 seconds.
  path: Assets/forest/objects/MaximeBrunoni/BridgesPack/Art/Meshes/Tree.fbx
  artifactKey: Guid(006fb49c547b45043b6037559e90beb9) Importer(815301076,1909f56bfc062723c751e8b465ee728b)
Start importing Assets/forest/objects/MaximeBrunoni/BridgesPack/Art/Meshes/Tree.fbx using Guid(006fb49c547b45043b6037559e90beb9) Importer(815301076,1909f56bfc062723c751e8b465ee728b)  -> (artifact id: '7e21d51c807fdf422601bd181775cacc') in 0.038517 seconds 
========================================================================
Received Import Request.
  Time since last request: 0.000020 seconds.
  path: Assets/forest/objects/MaximeBrunoni/BridgesPack/Art/Meshes/Pedestal.fbx
  artifactKey: Guid(162478e743dc86e4186c7867ffed50c1) Importer(815301076,1909f56bfc062723c751e8b465ee728b)
Start importing Assets/forest/objects/MaximeBrunoni/BridgesPack/Art/Meshes/Pedestal.fbx using Guid(162478e743dc86e4186c7867ffed50c1) Importer(815301076,1909f56bfc062723c751e8b465ee728b)  -> (artifact id: '7a55682999b1e56ad270376c76151800') in 0.012608 seconds 
Editor requested this worker to shutdown with reason: Scaling down because of idle timeout
AssetImportWorker is now disconnected from the server
Process exiting
Exiting without the bug reporter. Application will terminate with return code 0